{"numTotalTestSuites":43,"numPassedTestSuites":43,"numFailedTestSuites":0,"numPendingTestSuites":0,"numTotalTests":67,"numPassedTests":37,"numFailedTests":0,"numPendingTests":30,"numTodoTests":0,"snapshot":{"added":0,"failure":false,"filesAdded":0,"filesRemoved":0,"filesRemovedList":[],"filesUnmatched":0,"filesUpdated":0,"matched":0,"total":0,"unchecked":0,"uncheckedKeysByFile":[],"unmatched":0,"updated":0,"didUpdate":false},"startTime":1752693579441,"success":true,"testResults":[{"assertionResults":[{"ancestorTitles":["FirebaseBOMService","Initialization"],"fullName":"FirebaseBOMService Initialization should initialize Firebase app with correct config","status":"skipped","title":"should initialize Firebase app with correct config","failureMessages":[],"meta":{}},{"ancestorTitles":["FirebaseBOMService","Initialization"],"fullName":"FirebaseBOMService Initialization should connect to Firestore database","status":"skipped","title":"should connect to Firestore database","failureMessages":[],"meta":{}},{"ancestorTitles":["FirebaseBOMService","BOM Template Operations"],"fullName":"FirebaseBOMService BOM Template Operations should save BOM template to Firestore","status":"skipped","title":"should save BOM template to Firestore","failureMessages":[],"meta":{}},{"ancestorTitles":["FirebaseBOMService","BOM Template Operations"],"fullName":"FirebaseBOMService BOM Template Operations should load BOM template from Firestore","status":"skipped","title":"should load BOM template from Firestore","failureMessages":[],"meta":{}},{"ancestorTitles":["FirebaseBOMService","BOM Template Operations"],"fullName":"FirebaseBOMService BOM Template Operations should list all BOM templates","status":"skipped","title":"should list all BOM templates","failureMessages":[],"meta":{}},{"ancestorTitles":["FirebaseBOMService","BOM Template Operations"],"fullName":"FirebaseBOMService BOM Template Operations should delete BOM template","status":"skipped","title":"should delete BOM template","failureMessages":[],"meta":{}},{"ancestorTitles":["FirebaseBOMService","Inventory Management"],"fullName":"FirebaseBOMService Inventory Management should save inventory items to Firestore","status":"skipped","title":"should save inventory items to Firestore","failureMessages":[],"meta":{}},{"ancestorTitles":["FirebaseBOMService","Inventory Management"],"fullName":"FirebaseBOMService Inventory Management should load inventory items from Firestore","status":"skipped","title":"should load inventory items from Firestore","failureMessages":[],"meta":{}},{"ancestorTitles":["FirebaseBOMService","Inventory Management"],"fullName":"FirebaseBOMService Inventory Management should update single inventory item","status":"skipped","title":"should update single inventory item","failureMessages":[],"meta":{}},{"ancestorTitles":["FirebaseBOMService","Inventory Management"],"fullName":"FirebaseBOMService Inventory Management should check inventory availability for BOM","status":"skipped","title":"should check inventory availability for BOM","failureMessages":[],"meta":{}},{"ancestorTitles":["FirebaseBOMService","Real-time Synchronization"],"fullName":"FirebaseBOMService Real-time Synchronization should subscribe to BOM changes","status":"skipped","title":"should subscribe to BOM changes","failureMessages":[],"meta":{}},{"ancestorTitles":["FirebaseBOMService","Real-time Synchronization"],"fullName":"FirebaseBOMService Real-time Synchronization should subscribe to inventory changes","status":"skipped","title":"should subscribe to inventory changes","failureMessages":[],"meta":{}},{"ancestorTitles":["FirebaseBOMService","Real-time Synchronization"],"fullName":"FirebaseBOMService Real-time Synchronization should unsubscribe from changes","status":"skipped","title":"should unsubscribe from changes","failureMessages":[],"meta":{}},{"ancestorTitles":["FirebaseBOMService","Offline Support"],"fullName":"FirebaseBOMService Offline Support should sync local changes when going online","status":"skipped","title":"should sync local changes when going online","failureMessages":[],"meta":{}},{"ancestorTitles":["FirebaseBOMService","Offline Support"],"fullName":"FirebaseBOMService Offline Support should handle offline mode gracefully","status":"skipped","title":"should handle offline mode gracefully","failureMessages":[],"meta":{}},{"ancestorTitles":["FirebaseBOMService","Offline Support"],"fullName":"FirebaseBOMService Offline Support should detect connection status","status":"skipped","title":"should detect connection status","failureMessages":[],"meta":{}},{"ancestorTitles":["FirebaseBOMService","Error Handling"],"fullName":"FirebaseBOMService Error Handling should handle network errors gracefully","status":"skipped","title":"should handle network errors gracefully","failureMessages":[],"meta":{}},{"ancestorTitles":["FirebaseBOMService","Error Handling"],"fullName":"FirebaseBOMService Error Handling should handle permission errors","status":"skipped","title":"should handle permission errors","failureMessages":[],"meta":{}},{"ancestorTitles":["FirebaseBOMService","Error Handling"],"fullName":"FirebaseBOMService Error Handling should validate data before saving","status":"skipped","title":"should validate data before saving","failureMessages":[],"meta":{}}],"startTime":1752693579441,"endTime":1752693579441,"status":"passed","message":"","name":"/home/runner/work/BOM-Generator/BOM-Generator/src/tests/FirebaseBOMService.test.js"},{"assertionResults":[{"ancestorTitles":["Firebase Configuration","Environment Configuration"],"fullName":"Firebase Configuration Environment Configuration should have required Firebase config variables","status":"passed","title":"should have required Firebase config variables","duration":3.4577010000000428,"failureMessages":[],"meta":{}},{"ancestorTitles":["Firebase Configuration","Environment Configuration"],"fullName":"Firebase Configuration Environment Configuration should validate Firebase project ID matches service account","status":"passed","title":"should validate Firebase project ID matches service account","duration":1.0093520000000353,"failureMessages":[],"meta":{}},{"ancestorTitles":["Firebase Configuration","Firebase App Initialization"],"fullName":"Firebase Configuration Firebase App Initialization should initialize Firebase app with correct config","status":"passed","title":"should initialize Firebase app with correct config","duration":0.4765629999999419,"failureMessages":[],"meta":{}},{"ancestorTitles":["Firebase Configuration","Firebase App Initialization"],"fullName":"Firebase Configuration Firebase App Initialization should initialize Firestore with correct settings","status":"passed","title":"should initialize Firestore with correct settings","duration":0.3869049999999561,"failureMessages":[],"meta":{}},{"ancestorTitles":["Firebase Configuration","Firebase App Initialization"],"fullName":"Firebase Configuration Firebase App Initialization should handle Firebase initialization errors","status":"passed","title":"should handle Firebase initialization errors","duration":0.27724000000000615,"failureMessages":[],"meta":{}},{"ancestorTitles":["Firebase Configuration","Development vs Production Config"],"fullName":"Firebase Configuration Development vs Production Config should use emulator in development mode","status":"passed","title":"should use emulator in development mode","duration":0.27106800000001385,"failureMessages":[],"meta":{}},{"ancestorTitles":["Firebase Configuration","Development vs Production Config"],"fullName":"Firebase Configuration Development vs Production Config should use production Firestore in production mode","status":"passed","title":"should use production Firestore in production mode","duration":0.3222839999999678,"failureMessages":[],"meta":{}},{"ancestorTitles":["Firebase Configuration","Security Configuration"],"fullName":"Firebase Configuration Security Configuration should not expose sensitive config in client build","status":"passed","title":"should not expose sensitive config in client build","duration":0.26070800000002237,"failureMessages":[],"meta":{}},{"ancestorTitles":["Firebase Configuration","Security Configuration"],"fullName":"Firebase Configuration Security Configuration should validate Firestore security rules","status":"passed","title":"should validate Firestore security rules","duration":0.43277100000000246,"failureMessages":[],"meta":{}}],"startTime":1752693580434,"endTime":1752693580441.4329,"status":"passed","message":"","name":"/home/runner/work/BOM-Generator/BOM-Generator/src/tests/FirebaseConfig.test.js"},{"assertionResults":[{"ancestorTitles":["BOM Manager Firebase Integration","Loading BOMs from Firebase"],"fullName":"BOM Manager Firebase Integration Loading BOMs from Firebase should initialize Firebase services on app start","status":"passed","title":"should initialize Firebase services on app start","duration":4.079996999999935,"failureMessages":[],"meta":{}},{"ancestorTitles":["BOM Manager Firebase Integration","Loading BOMs from Firebase"],"fullName":"BOM Manager Firebase Integration Loading BOMs from Firebase should load inventory items from Firebase","status":"passed","title":"should load inventory items from Firebase","duration":0.7722880000000032,"failureMessages":[],"meta":{}},{"ancestorTitles":["BOM Manager Firebase Integration","Loading BOMs from Firebase"],"fullName":"BOM Manager Firebase Integration Loading BOMs from Firebase should show connection status in the UI","status":"passed","title":"should show connection status in the UI","duration":0.6173169999999573,"failureMessages":[],"meta":{}},{"ancestorTitles":["BOM Manager Firebase Integration","Saving BOMs via N8N Webhook"],"fullName":"BOM Manager Firebase Integration Saving BOMs via N8N Webhook should send BOM data to N8N webhook when saving","status":"passed","title":"should send BOM data to N8N webhook when saving","duration":0.642814000000044,"failureMessages":[],"meta":{}},{"ancestorTitles":["BOM Manager Firebase Integration","Saving BOMs via N8N Webhook"],"fullName":"BOM Manager Firebase Integration Saving BOMs via N8N Webhook should handle webhook failures gracefully","status":"passed","title":"should handle webhook failures gracefully","duration":0.4288139999999885,"failureMessages":[],"meta":{}},{"ancestorTitles":["BOM Manager Firebase Integration","Inventory Integration"],"fullName":"BOM Manager Firebase Integration Inventory Integration should show inventory suggestions when editing part numbers","status":"passed","title":"should show inventory suggestions when editing part numbers","duration":0.422621999999933,"failureMessages":[],"meta":{}},{"ancestorTitles":["BOM Manager Firebase Integration","Inventory Integration"],"fullName":"BOM Manager Firebase Integration Inventory Integration should auto-populate fields from inventory","status":"passed","title":"should auto-populate fields from inventory","duration":0.3052220000000716,"failureMessages":[],"meta":{}},{"ancestorTitles":["BOM Manager Firebase Integration","Real-time Features"],"fullName":"BOM Manager Firebase Integration Real-time Features should update inventory display when Firebase data changes","status":"passed","title":"should update inventory display when Firebase data changes","duration":0.23572199999989607,"failureMessages":[],"meta":{}}],"startTime":1752693581478,"endTime":1752693581486.4226,"status":"passed","message":"","name":"/home/runner/work/BOM-Generator/BOM-Generator/src/tests/FirebaseIntegration.test.js"},{"assertionResults":[{"ancestorTitles":["Enhanced EasyEDA Service with LCSC Integration","LCSC API Integration"],"fullName":"Enhanced EasyEDA Service with LCSC Integration LCSC API Integration should search LCSC components successfully","status":"skipped","title":"should search LCSC components successfully","failureMessages":[],"meta":{}},{"ancestorTitles":["Enhanced EasyEDA Service with LCSC Integration","LCSC API Integration"],"fullName":"Enhanced EasyEDA Service with LCSC Integration LCSC API Integration should handle LCSC API errors gracefully","status":"skipped","title":"should handle LCSC API errors gracefully","failureMessages":[],"meta":{}},{"ancestorTitles":["Enhanced EasyEDA Service with LCSC Integration","EasyEDA Integration"],"fullName":"Enhanced EasyEDA Service with LCSC Integration EasyEDA Integration should enhance LCSC components with EasyEDA data","status":"skipped","title":"should enhance LCSC components with EasyEDA data","failureMessages":[],"meta":{}},{"ancestorTitles":["Enhanced EasyEDA Service with LCSC Integration","EasyEDA Integration"],"fullName":"Enhanced EasyEDA Service with LCSC Integration EasyEDA Integration should generate correct component URLs","status":"skipped","title":"should generate correct component URLs","failureMessages":[],"meta":{}},{"ancestorTitles":["Enhanced EasyEDA Service with LCSC Integration","Pricing and Availability"],"fullName":"Enhanced EasyEDA Service with LCSC Integration Pricing and Availability should calculate pricing correctly","status":"skipped","title":"should calculate pricing correctly","failureMessages":[],"meta":{}},{"ancestorTitles":["Enhanced EasyEDA Service with LCSC Integration","Pricing and Availability"],"fullName":"Enhanced EasyEDA Service with LCSC Integration Pricing and Availability should check availability correctly","status":"skipped","title":"should check availability correctly","failureMessages":[],"meta":{}},{"ancestorTitles":["Enhanced EasyEDA Service with LCSC Integration","BOM Generation"],"fullName":"Enhanced EasyEDA Service with LCSC Integration BOM Generation should generate BOM data correctly","status":"skipped","title":"should generate BOM data correctly","failureMessages":[],"meta":{}},{"ancestorTitles":["Enhanced EasyEDA Service with LCSC Integration","Search Integration"],"fullName":"Enhanced EasyEDA Service with LCSC Integration Search Integration should search components with full integration","status":"skipped","title":"should search components with full integration","failureMessages":[],"meta":{}},{"ancestorTitles":["Enhanced EasyEDA Service with LCSC Integration","Search Integration"],"fullName":"Enhanced EasyEDA Service with LCSC Integration Search Integration should fallback to EasyEDA when LCSC fails","status":"skipped","title":"should fallback to EasyEDA when LCSC fails","failureMessages":[],"meta":{}},{"ancestorTitles":["Enhanced EasyEDA Service with LCSC Integration","Error Handling"],"fullName":"Enhanced EasyEDA Service with LCSC Integration Error Handling should handle network errors gracefully","status":"skipped","title":"should handle network errors gracefully","failureMessages":[],"meta":{}},{"ancestorTitles":["Enhanced EasyEDA Service with LCSC Integration","Error Handling"],"fullName":"Enhanced EasyEDA Service with LCSC Integration Error Handling should handle malformed API responses","status":"skipped","title":"should handle malformed API responses","failureMessages":[],"meta":{}}],"startTime":1752693579441,"endTime":1752693579441,"status":"passed","message":"","name":"/home/runner/work/BOM-Generator/BOM-Generator/src/tests/enhanced-easyeda.test.ts"},{"assertionResults":[{"ancestorTitles":["Excel Parser Tests","CSV Parser Tests"],"fullName":"Excel Parser Tests CSV Parser Tests should parse simple CSV correctly","status":"passed","title":"should parse simple CSV correctly","duration":4.965434999999843,"failureMessages":[],"meta":{}},{"ancestorTitles":["Excel Parser Tests","CSV Parser Tests"],"fullName":"Excel Parser Tests CSV Parser Tests should handle CSV with quoted fields containing commas","status":"passed","title":"should handle CSV with quoted fields containing commas","duration":4.300529999999981,"failureMessages":[],"meta":{}},{"ancestorTitles":["Excel Parser Tests","CSV Parser Tests"],"fullName":"Excel Parser Tests CSV Parser Tests should handle empty fields","status":"passed","title":"should handle empty fields","duration":0.5574550000001182,"failureMessages":[],"meta":{}},{"ancestorTitles":["Excel Parser Tests","CSV Parser Tests"],"fullName":"Excel Parser Tests CSV Parser Tests should handle rows with mismatched column count gracefully","status":"passed","title":"should handle rows with mismatched column count gracefully","duration":0.6173369999999068,"failureMessages":[],"meta":{}},{"ancestorTitles":["Excel Parser Tests","CSV Parser Tests"],"fullName":"Excel Parser Tests CSV Parser Tests should return empty array for insufficient data","status":"passed","title":"should return empty array for insufficient data","duration":0.5171190000000934,"failureMessages":[],"meta":{}},{"ancestorTitles":["Excel Parser Tests","Excel Parser - Method 1 (Standard JSON) Tests"],"fullName":"Excel Parser Tests Excel Parser - Method 1 (Standard JSON) Tests should parse normal Excel with proper headers","status":"passed","title":"should parse normal Excel with proper headers","duration":1.7566029999998136,"failureMessages":[],"meta":{}},{"ancestorTitles":["Excel Parser Tests","Excel Parser - Method 1 (Standard JSON) Tests"],"fullName":"Excel Parser Tests Excel Parser - Method 1 (Standard JSON) Tests should handle Excel with title row by using CSV fallback","status":"passed","title":"should handle Excel with title row by using CSV fallback","duration":2.830556000000115,"failureMessages":[],"meta":{}},{"ancestorTitles":["Excel Parser Tests","Excel Parser - Method 1 (Standard JSON) Tests"],"fullName":"Excel Parser Tests Excel Parser - Method 1 (Standard JSON) Tests should handle empty Excel file","status":"passed","title":"should handle empty Excel file","duration":6.141489999999976,"failureMessages":[],"meta":{}},{"ancestorTitles":["Excel Parser Tests","Excel Parser - Method 2 (CSV Conversion) Tests"],"fullName":"Excel Parser Tests Excel Parser - Method 2 (CSV Conversion) Tests should use CSV conversion when Method 1 fails","status":"passed","title":"should use CSV conversion when Method 1 fails","duration":1.7354119999999966,"failureMessages":[],"meta":{}},{"ancestorTitles":["Excel Parser Tests","Excel Parser - Error Handling Tests"],"fullName":"Excel Parser Tests Excel Parser - Error Handling Tests should handle SheetJS parsing errors","status":"passed","title":"should handle SheetJS parsing errors","duration":4.407399999999825,"failureMessages":[],"meta":{}},{"ancestorTitles":["Excel Parser Tests","Excel Parser - Error Handling Tests"],"fullName":"Excel Parser Tests Excel Parser - Error Handling Tests should handle FileReader errors","status":"passed","title":"should handle FileReader errors","duration":1.988055999999915,"failureMessages":[],"meta":{}},{"ancestorTitles":["Excel Parser Tests","Real-world Excel Scenarios"],"fullName":"Excel Parser Tests Real-world Excel Scenarios should handle Excel with merged header cells","status":"passed","title":"should handle Excel with merged header cells","duration":1.8877379999998993,"failureMessages":[],"meta":{}},{"ancestorTitles":["Excel Parser Tests","Real-world Excel Scenarios"],"fullName":"Excel Parser Tests Real-world Excel Scenarios should handle Excel with complex formulas and formatting","status":"passed","title":"should handle Excel with complex formulas and formatting","duration":2.2655059999999594,"failureMessages":[],"meta":{}},{"ancestorTitles":["Proposed Improvements Tests","Enhanced CSV Parser"],"fullName":"Proposed Improvements Tests Enhanced CSV Parser should properly handle quoted CSV fields with commas","status":"passed","title":"should properly handle quoted CSV fields with commas","duration":1.2552820000000793,"failureMessages":[],"meta":{}},{"ancestorTitles":["Proposed Improvements Tests","Enhanced Excel Parser"],"fullName":"Proposed Improvements Tests Enhanced Excel Parser should detect and skip title rows automatically","status":"passed","title":"should detect and skip title rows automatically","duration":2.2905930000001717,"failureMessages":[],"meta":{}}],"startTime":1752693580582,"endTime":1752693580620.2905,"status":"passed","message":"","name":"/home/runner/work/BOM-Generator/BOM-Generator/src/tests/excel-parser.test.js"},{"assertionResults":[{"ancestorTitles":["Firebase Integration Tests","Firebase Configuration"],"fullName":"Firebase Integration Tests Firebase Configuration should have Firebase configuration defined","status":"passed","title":"should have Firebase configuration defined","duration":5.4888089999999465,"failureMessages":[],"meta":{}},{"ancestorTitles":["Firebase Integration Tests","Firebase Configuration"],"fullName":"Firebase Integration Tests Firebase Configuration should initialize Firebase app","status":"passed","title":"should initialize Firebase app","duration":1.2344839999998385,"failureMessages":[],"meta":{}},{"ancestorTitles":["Firebase Integration Tests","Service Integration"],"fullName":"Firebase Integration Tests Service Integration should import HybridFirebaseBOMService successfully","status":"passed","title":"should import HybridFirebaseBOMService successfully","duration":37.99642199999994,"failureMessages":[],"meta":{}},{"ancestorTitles":["Firebase Integration Tests","Service Integration"],"fullName":"Firebase Integration Tests Service Integration should import N8NWebhookService successfully","status":"passed","title":"should import N8NWebhookService successfully","duration":25.564084000000094,"failureMessages":[],"meta":{}},{"ancestorTitles":["Firebase Integration Tests","Mock Firebase Operations"],"fullName":"Firebase Integration Tests Mock Firebase Operations should mock Firestore operations successfully","status":"passed","title":"should mock Firestore operations successfully","duration":5.479318999999805,"failureMessages":[],"meta":{}}],"startTime":1752693580567,"endTime":1752693580643.4792,"status":"passed","message":"","name":"/home/runner/work/BOM-Generator/BOM-Generator/src/tests/firebase-integration.test.ts"}]}