{"numTotalTestSuites":43,"numPassedTestSuites":43,"numFailedTestSuites":0,"numPendingTestSuites":0,"numTotalTests":67,"numPassedTests":37,"numFailedTests":0,"numPendingTests":30,"numTodoTests":0,"snapshot":{"added":0,"failure":false,"filesAdded":0,"filesRemoved":0,"filesRemovedList":[],"filesUnmatched":0,"filesUpdated":0,"matched":0,"total":0,"unchecked":0,"uncheckedKeysByFile":[],"unmatched":0,"updated":0,"didUpdate":false},"startTime":1752693686289,"success":true,"testResults":[{"assertionResults":[{"ancestorTitles":["FirebaseBOMService","Initialization"],"fullName":"FirebaseBOMService Initialization should initialize Firebase app with correct config","status":"skipped","title":"should initialize Firebase app with correct config","failureMessages":[],"meta":{}},{"ancestorTitles":["FirebaseBOMService","Initialization"],"fullName":"FirebaseBOMService Initialization should connect to Firestore database","status":"skipped","title":"should connect to Firestore database","failureMessages":[],"meta":{}},{"ancestorTitles":["FirebaseBOMService","BOM Template Operations"],"fullName":"FirebaseBOMService BOM Template Operations should save BOM template to Firestore","status":"skipped","title":"should save BOM template to Firestore","failureMessages":[],"meta":{}},{"ancestorTitles":["FirebaseBOMService","BOM Template Operations"],"fullName":"FirebaseBOMService BOM Template Operations should load BOM template from Firestore","status":"skipped","title":"should load BOM template from Firestore","failureMessages":[],"meta":{}},{"ancestorTitles":["FirebaseBOMService","BOM Template Operations"],"fullName":"FirebaseBOMService BOM Template Operations should list all BOM templates","status":"skipped","title":"should list all BOM templates","failureMessages":[],"meta":{}},{"ancestorTitles":["FirebaseBOMService","BOM Template Operations"],"fullName":"FirebaseBOMService BOM Template Operations should delete BOM template","status":"skipped","title":"should delete BOM template","failureMessages":[],"meta":{}},{"ancestorTitles":["FirebaseBOMService","Inventory Management"],"fullName":"FirebaseBOMService Inventory Management should save inventory items to Firestore","status":"skipped","title":"should save inventory items to Firestore","failureMessages":[],"meta":{}},{"ancestorTitles":["FirebaseBOMService","Inventory Management"],"fullName":"FirebaseBOMService Inventory Management should load inventory items from Firestore","status":"skipped","title":"should load inventory items from Firestore","failureMessages":[],"meta":{}},{"ancestorTitles":["FirebaseBOMService","Inventory Management"],"fullName":"FirebaseBOMService Inventory Management should update single inventory item","status":"skipped","title":"should update single inventory item","failureMessages":[],"meta":{}},{"ancestorTitles":["FirebaseBOMService","Inventory Management"],"fullName":"FirebaseBOMService Inventory Management should check inventory availability for BOM","status":"skipped","title":"should check inventory availability for BOM","failureMessages":[],"meta":{}},{"ancestorTitles":["FirebaseBOMService","Real-time Synchronization"],"fullName":"FirebaseBOMService Real-time Synchronization should subscribe to BOM changes","status":"skipped","title":"should subscribe to BOM changes","failureMessages":[],"meta":{}},{"ancestorTitles":["FirebaseBOMService","Real-time Synchronization"],"fullName":"FirebaseBOMService Real-time Synchronization should subscribe to inventory changes","status":"skipped","title":"should subscribe to inventory changes","failureMessages":[],"meta":{}},{"ancestorTitles":["FirebaseBOMService","Real-time Synchronization"],"fullName":"FirebaseBOMService Real-time Synchronization should unsubscribe from changes","status":"skipped","title":"should unsubscribe from changes","failureMessages":[],"meta":{}},{"ancestorTitles":["FirebaseBOMService","Offline Support"],"fullName":"FirebaseBOMService Offline Support should sync local changes when going online","status":"skipped","title":"should sync local changes when going online","failureMessages":[],"meta":{}},{"ancestorTitles":["FirebaseBOMService","Offline Support"],"fullName":"FirebaseBOMService Offline Support should handle offline mode gracefully","status":"skipped","title":"should handle offline mode gracefully","failureMessages":[],"meta":{}},{"ancestorTitles":["FirebaseBOMService","Offline Support"],"fullName":"FirebaseBOMService Offline Support should detect connection status","status":"skipped","title":"should detect connection status","failureMessages":[],"meta":{}},{"ancestorTitles":["FirebaseBOMService","Error Handling"],"fullName":"FirebaseBOMService Error Handling should handle network errors gracefully","status":"skipped","title":"should handle network errors gracefully","failureMessages":[],"meta":{}},{"ancestorTitles":["FirebaseBOMService","Error Handling"],"fullName":"FirebaseBOMService Error Handling should handle permission errors","status":"skipped","title":"should handle permission errors","failureMessages":[],"meta":{}},{"ancestorTitles":["FirebaseBOMService","Error Handling"],"fullName":"FirebaseBOMService Error Handling should validate data before saving","status":"skipped","title":"should validate data before saving","failureMessages":[],"meta":{}}],"startTime":1752693686289,"endTime":1752693686289,"status":"passed","message":"","name":"/home/runner/work/BOM-Generator/BOM-Generator/src/tests/FirebaseBOMService.test.js"},{"assertionResults":[{"ancestorTitles":["Firebase Configuration","Environment Configuration"],"fullName":"Firebase Configuration Environment Configuration should have required Firebase config variables","status":"passed","title":"should have required Firebase config variables","duration":3.1308780000000525,"failureMessages":[],"meta":{}},{"ancestorTitles":["Firebase Configuration","Environment Configuration"],"fullName":"Firebase Configuration Environment Configuration should validate Firebase project ID matches service account","status":"passed","title":"should validate Firebase project ID matches service account","duration":0.8842270000000099,"failureMessages":[],"meta":{}},{"ancestorTitles":["Firebase Configuration","Firebase App Initialization"],"fullName":"Firebase Configuration Firebase App Initialization should initialize Firebase app with correct config","status":"passed","title":"should initialize Firebase app with correct config","duration":0.25040899999999056,"failureMessages":[],"meta":{}},{"ancestorTitles":["Firebase Configuration","Firebase App Initialization"],"fullName":"Firebase Configuration Firebase App Initialization should initialize Firestore with correct settings","status":"passed","title":"should initialize Firestore with correct settings","duration":0.24852499999997235,"failureMessages":[],"meta":{}},{"ancestorTitles":["Firebase Configuration","Firebase App Initialization"],"fullName":"Firebase Configuration Firebase App Initialization should handle Firebase initialization errors","status":"passed","title":"should handle Firebase initialization errors","duration":0.19924300000002404,"failureMessages":[],"meta":{}},{"ancestorTitles":["Firebase Configuration","Development vs Production Config"],"fullName":"Firebase Configuration Development vs Production Config should use emulator in development mode","status":"passed","title":"should use emulator in development mode","duration":0.20556499999997868,"failureMessages":[],"meta":{}},{"ancestorTitles":["Firebase Configuration","Development vs Production Config"],"fullName":"Firebase Configuration Development vs Production Config should use production Firestore in production mode","status":"passed","title":"should use production Firestore in production mode","duration":0.185387999999989,"failureMessages":[],"meta":{}},{"ancestorTitles":["Firebase Configuration","Security Configuration"],"fullName":"Firebase Configuration Security Configuration should not expose sensitive config in client build","status":"passed","title":"should not expose sensitive config in client build","duration":0.1765410000000429,"failureMessages":[],"meta":{}},{"ancestorTitles":["Firebase Configuration","Security Configuration"],"fullName":"Firebase Configuration Security Configuration should validate Firestore security rules","status":"passed","title":"should validate Firestore security rules","duration":0.179004999999961,"failureMessages":[],"meta":{}}],"startTime":1752693688508,"endTime":1752693688514.179,"status":"passed","message":"","name":"/home/runner/work/BOM-Generator/BOM-Generator/src/tests/FirebaseConfig.test.js"},{"assertionResults":[{"ancestorTitles":["BOM Manager Firebase Integration","Loading BOMs from Firebase"],"fullName":"BOM Manager Firebase Integration Loading BOMs from Firebase should initialize Firebase services on app start","status":"passed","title":"should initialize Firebase services on app start","duration":2.3693909999999505,"failureMessages":[],"meta":{}},{"ancestorTitles":["BOM Manager Firebase Integration","Loading BOMs from Firebase"],"fullName":"BOM Manager Firebase Integration Loading BOMs from Firebase should load inventory items from Firebase","status":"passed","title":"should load inventory items from Firebase","duration":0.390090999999984,"failureMessages":[],"meta":{}},{"ancestorTitles":["BOM Manager Firebase Integration","Loading BOMs from Firebase"],"fullName":"BOM Manager Firebase Integration Loading BOMs from Firebase should show connection status in the UI","status":"passed","title":"should show connection status in the UI","duration":0.35813099999995757,"failureMessages":[],"meta":{}},{"ancestorTitles":["BOM Manager Firebase Integration","Saving BOMs via N8N Webhook"],"fullName":"BOM Manager Firebase Integration Saving BOMs via N8N Webhook should send BOM data to N8N webhook when saving","status":"passed","title":"should send BOM data to N8N webhook when saving","duration":0.34656999999992877,"failureMessages":[],"meta":{}},{"ancestorTitles":["BOM Manager Firebase Integration","Saving BOMs via N8N Webhook"],"fullName":"BOM Manager Firebase Integration Saving BOMs via N8N Webhook should handle webhook failures gracefully","status":"passed","title":"should handle webhook failures gracefully","duration":0.3469800000000305,"failureMessages":[],"meta":{}},{"ancestorTitles":["BOM Manager Firebase Integration","Inventory Integration"],"fullName":"BOM Manager Firebase Integration Inventory Integration should show inventory suggestions when editing part numbers","status":"passed","title":"should show inventory suggestions when editing part numbers","duration":0.31883799999991425,"failureMessages":[],"meta":{}},{"ancestorTitles":["BOM Manager Firebase Integration","Inventory Integration"],"fullName":"BOM Manager Firebase Integration Inventory Integration should auto-populate fields from inventory","status":"passed","title":"should auto-populate fields from inventory","duration":0.3124750000001768,"failureMessages":[],"meta":{}},{"ancestorTitles":["BOM Manager Firebase Integration","Real-time Features"],"fullName":"BOM Manager Firebase Integration Real-time Features should update inventory display when Firebase data changes","status":"passed","title":"should update inventory display when Firebase data changes","duration":0.3572400000000471,"failureMessages":[],"meta":{}}],"startTime":1752693687470,"endTime":1752693687475.3572,"status":"passed","message":"","name":"/home/runner/work/BOM-Generator/BOM-Generator/src/tests/FirebaseIntegration.test.js"},{"assertionResults":[{"ancestorTitles":["Enhanced EasyEDA Service with LCSC Integration","LCSC API Integration"],"fullName":"Enhanced EasyEDA Service with LCSC Integration LCSC API Integration should search LCSC components successfully","status":"skipped","title":"should search LCSC components successfully","failureMessages":[],"meta":{}},{"ancestorTitles":["Enhanced EasyEDA Service with LCSC Integration","LCSC API Integration"],"fullName":"Enhanced EasyEDA Service with LCSC Integration LCSC API Integration should handle LCSC API errors gracefully","status":"skipped","title":"should handle LCSC API errors gracefully","failureMessages":[],"meta":{}},{"ancestorTitles":["Enhanced EasyEDA Service with LCSC Integration","EasyEDA Integration"],"fullName":"Enhanced EasyEDA Service with LCSC Integration EasyEDA Integration should enhance LCSC components with EasyEDA data","status":"skipped","title":"should enhance LCSC components with EasyEDA data","failureMessages":[],"meta":{}},{"ancestorTitles":["Enhanced EasyEDA Service with LCSC Integration","EasyEDA Integration"],"fullName":"Enhanced EasyEDA Service with LCSC Integration EasyEDA Integration should generate correct component URLs","status":"skipped","title":"should generate correct component URLs","failureMessages":[],"meta":{}},{"ancestorTitles":["Enhanced EasyEDA Service with LCSC Integration","Pricing and Availability"],"fullName":"Enhanced EasyEDA Service with LCSC Integration Pricing and Availability should calculate pricing correctly","status":"skipped","title":"should calculate pricing correctly","failureMessages":[],"meta":{}},{"ancestorTitles":["Enhanced EasyEDA Service with LCSC Integration","Pricing and Availability"],"fullName":"Enhanced EasyEDA Service with LCSC Integration Pricing and Availability should check availability correctly","status":"skipped","title":"should check availability correctly","failureMessages":[],"meta":{}},{"ancestorTitles":["Enhanced EasyEDA Service with LCSC Integration","BOM Generation"],"fullName":"Enhanced EasyEDA Service with LCSC Integration BOM Generation should generate BOM data correctly","status":"skipped","title":"should generate BOM data correctly","failureMessages":[],"meta":{}},{"ancestorTitles":["Enhanced EasyEDA Service with LCSC Integration","Search Integration"],"fullName":"Enhanced EasyEDA Service with LCSC Integration Search Integration should search components with full integration","status":"skipped","title":"should search components with full integration","failureMessages":[],"meta":{}},{"ancestorTitles":["Enhanced EasyEDA Service with LCSC Integration","Search Integration"],"fullName":"Enhanced EasyEDA Service with LCSC Integration Search Integration should fallback to EasyEDA when LCSC fails","status":"skipped","title":"should fallback to EasyEDA when LCSC fails","failureMessages":[],"meta":{}},{"ancestorTitles":["Enhanced EasyEDA Service with LCSC Integration","Error Handling"],"fullName":"Enhanced EasyEDA Service with LCSC Integration Error Handling should handle network errors gracefully","status":"skipped","title":"should handle network errors gracefully","failureMessages":[],"meta":{}},{"ancestorTitles":["Enhanced EasyEDA Service with LCSC Integration","Error Handling"],"fullName":"Enhanced EasyEDA Service with LCSC Integration Error Handling should handle malformed API responses","status":"skipped","title":"should handle malformed API responses","failureMessages":[],"meta":{}}],"startTime":1752693686289,"endTime":1752693686289,"status":"passed","message":"","name":"/home/runner/work/BOM-Generator/BOM-Generator/src/tests/enhanced-easyeda.test.ts"},{"assertionResults":[{"ancestorTitles":["Excel Parser Tests","CSV Parser Tests"],"fullName":"Excel Parser Tests CSV Parser Tests should parse simple CSV correctly","status":"passed","title":"should parse simple CSV correctly","duration":5.523943999999801,"failureMessages":[],"meta":{}},{"ancestorTitles":["Excel Parser Tests","CSV Parser Tests"],"fullName":"Excel Parser Tests CSV Parser Tests should handle CSV with quoted fields containing commas","status":"passed","title":"should handle CSV with quoted fields containing commas","duration":4.387245000000121,"failureMessages":[],"meta":{}},{"ancestorTitles":["Excel Parser Tests","CSV Parser Tests"],"fullName":"Excel Parser Tests CSV Parser Tests should handle empty fields","status":"passed","title":"should handle empty fields","duration":0.5079720000001089,"failureMessages":[],"meta":{}},{"ancestorTitles":["Excel Parser Tests","CSV Parser Tests"],"fullName":"Excel Parser Tests CSV Parser Tests should handle rows with mismatched column count gracefully","status":"passed","title":"should handle rows with mismatched column count gracefully","duration":0.5185630000000856,"failureMessages":[],"meta":{}},{"ancestorTitles":["Excel Parser Tests","CSV Parser Tests"],"fullName":"Excel Parser Tests CSV Parser Tests should return empty array for insufficient data","status":"passed","title":"should return empty array for insufficient data","duration":0.3354580000000169,"failureMessages":[],"meta":{}},{"ancestorTitles":["Excel Parser Tests","Excel Parser - Method 1 (Standard JSON) Tests"],"fullName":"Excel Parser Tests Excel Parser - Method 1 (Standard JSON) Tests should parse normal Excel with proper headers","status":"passed","title":"should parse normal Excel with proper headers","duration":1.8544959999999264,"failureMessages":[],"meta":{}},{"ancestorTitles":["Excel Parser Tests","Excel Parser - Method 1 (Standard JSON) Tests"],"fullName":"Excel Parser Tests Excel Parser - Method 1 (Standard JSON) Tests should handle Excel with title row by using CSV fallback","status":"passed","title":"should handle Excel with title row by using CSV fallback","duration":1.7788640000001124,"failureMessages":[],"meta":{}},{"ancestorTitles":["Excel Parser Tests","Excel Parser - Method 1 (Standard JSON) Tests"],"fullName":"Excel Parser Tests Excel Parser - Method 1 (Standard JSON) Tests should handle empty Excel file","status":"passed","title":"should handle empty Excel file","duration":2.75870000000009,"failureMessages":[],"meta":{}},{"ancestorTitles":["Excel Parser Tests","Excel Parser - Method 2 (CSV Conversion) Tests"],"fullName":"Excel Parser Tests Excel Parser - Method 2 (CSV Conversion) Tests should use CSV conversion when Method 1 fails","status":"passed","title":"should use CSV conversion when Method 1 fails","duration":1.4747129999998378,"failureMessages":[],"meta":{}},{"ancestorTitles":["Excel Parser Tests","Excel Parser - Error Handling Tests"],"fullName":"Excel Parser Tests Excel Parser - Error Handling Tests should handle SheetJS parsing errors","status":"passed","title":"should handle SheetJS parsing errors","duration":2.3703750000001946,"failureMessages":[],"meta":{}},{"ancestorTitles":["Excel Parser Tests","Excel Parser - Error Handling Tests"],"fullName":"Excel Parser Tests Excel Parser - Error Handling Tests should handle FileReader errors","status":"passed","title":"should handle FileReader errors","duration":1.5931739999998626,"failureMessages":[],"meta":{}},{"ancestorTitles":["Excel Parser Tests","Real-world Excel Scenarios"],"fullName":"Excel Parser Tests Real-world Excel Scenarios should handle Excel with merged header cells","status":"passed","title":"should handle Excel with merged header cells","duration":3.9206299999998464,"failureMessages":[],"meta":{}},{"ancestorTitles":["Excel Parser Tests","Real-world Excel Scenarios"],"fullName":"Excel Parser Tests Real-world Excel Scenarios should handle Excel with complex formulas and formatting","status":"passed","title":"should handle Excel with complex formulas and formatting","duration":1.6297150000000329,"failureMessages":[],"meta":{}},{"ancestorTitles":["Proposed Improvements Tests","Enhanced CSV Parser"],"fullName":"Proposed Improvements Tests Enhanced CSV Parser should properly handle quoted CSV fields with commas","status":"passed","title":"should properly handle quoted CSV fields with commas","duration":0.7101509999999962,"failureMessages":[],"meta":{}},{"ancestorTitles":["Proposed Improvements Tests","Enhanced Excel Parser"],"fullName":"Proposed Improvements Tests Enhanced Excel Parser should detect and skip title rows automatically","status":"passed","title":"should detect and skip title rows automatically","duration":0.5750479999999243,"failureMessages":[],"meta":{}}],"startTime":1752693687407,"endTime":1752693687437.575,"status":"passed","message":"","name":"/home/runner/work/BOM-Generator/BOM-Generator/src/tests/excel-parser.test.js"},{"assertionResults":[{"ancestorTitles":["Firebase Integration Tests","Firebase Configuration"],"fullName":"Firebase Integration Tests Firebase Configuration should have Firebase configuration defined","status":"passed","title":"should have Firebase configuration defined","duration":20.855237999999872,"failureMessages":[],"meta":{}},{"ancestorTitles":["Firebase Integration Tests","Firebase Configuration"],"fullName":"Firebase Integration Tests Firebase Configuration should initialize Firebase app","status":"passed","title":"should initialize Firebase app","duration":0.964828000000125,"failureMessages":[],"meta":{}},{"ancestorTitles":["Firebase Integration Tests","Service Integration"],"fullName":"Firebase Integration Tests Service Integration should import HybridFirebaseBOMService successfully","status":"passed","title":"should import HybridFirebaseBOMService successfully","duration":77.43508399999996,"failureMessages":[],"meta":{}},{"ancestorTitles":["Firebase Integration Tests","Service Integration"],"fullName":"Firebase Integration Tests Service Integration should import N8NWebhookService successfully","status":"passed","title":"should import N8NWebhookService successfully","duration":40.87802099999999,"failureMessages":[],"meta":{}},{"ancestorTitles":["Firebase Integration Tests","Mock Firebase Operations"],"fullName":"Firebase Integration Tests Mock Firebase Operations should mock Firestore operations successfully","status":"passed","title":"should mock Firestore operations successfully","duration":3.2884129999999914,"failureMessages":[],"meta":{}}],"startTime":1752693687317,"endTime":1752693687461.2883,"status":"passed","message":"","name":"/home/runner/work/BOM-Generator/BOM-Generator/src/tests/firebase-integration.test.ts"}],"coverageMap":{"/home/runner/work/BOM-Generator/BOM-Generator/src/services/EnhancedEasyEDAService.ts":{"path":"/home/runner/work/BOM-Generator/BOM-Generator/src/services/EnhancedEasyEDAService.ts","all":false,"statementMap":{"40":{"start":{"line":41,"column":0},"end":{"line":41,"column":37}},"41":{"start":{"line":42,"column":0},"end":{"line":42,"column":42}},"42":{"start":{"line":43,"column":0},"end":{"line":43,"column":45}},"43":{"start":{"line":44,"column":0},"end":{"line":44,"column":65}},"44":{"start":{"line":45,"column":0},"end":{"line":45,"column":57}},"45":{"start":{"line":46,"column":0},"end":{"line":46,"column":39}},"46":{"start":{"line":47,"column":0},"end":{"line":47,"column":31}},"48":{"start":{"line":49,"column":0},"end":{"line":49,"column":32}},"49":{"start":{"line":50,"column":0},"end":{"line":50,"column":66}},"50":{"start":{"line":51,"column":0},"end":{"line":51,"column":38}},"51":{"start":{"line":52,"column":0},"end":{"line":52,"column":26}},"53":{"start":{"line":54,"column":0},"end":{"line":54,"column":29}},"54":{"start":{"line":55,"column":0},"end":{"line":55,"column":75}},"55":{"start":{"line":56,"column":0},"end":{"line":56,"column":5}},"56":{"start":{"line":57,"column":0},"end":{"line":57,"column":3}},"61":{"start":{"line":62,"column":0},"end":{"line":62,"column":50}},"66":{"start":{"line":67,"column":0},"end":{"line":67,"column":40}},"67":{"start":{"line":68,"column":0},"end":{"line":68,"column":40}},"69":{"start":{"line":70,"column":0},"end":{"line":70,"column":9}},"71":{"start":{"line":72,"column":0},"end":{"line":72,"column":66}},"72":{"start":{"line":73,"column":0},"end":{"line":73,"column":19}},"73":{"start":{"line":74,"column":0},"end":{"line":74,"column":34}},"74":{"start":{"line":75,"column":0},"end":{"line":75,"column":9}},"77":{"start":{"line":78,"column":0},"end":{"line":78,"column":77}},"79":{"start":{"line":80,"column":0},"end":{"line":80,"column":50}},"80":{"start":{"line":81,"column":0},"end":{"line":81,"column":21}},"81":{"start":{"line":82,"column":0},"end":{"line":82,"column":78}},"82":{"start":{"line":83,"column":0},"end":{"line":83,"column":55}},"83":{"start":{"line":84,"column":0},"end":{"line":84,"column":5}},"84":{"start":{"line":85,"column":0},"end":{"line":85,"column":3}},"89":{"start":{"line":90,"column":0},"end":{"line":90,"column":54}},"92":{"start":{"line":93,"column":0},"end":{"line":93,"column":37}},"93":{"start":{"line":94,"column":0},"end":{"line":94,"column":66}},"94":{"start":{"line":95,"column":0},"end":{"line":95,"column":39}},"95":{"start":{"line":96,"column":0},"end":{"line":96,"column":43}},"96":{"start":{"line":97,"column":0},"end":{"line":97,"column":5}},"98":{"start":{"line":99,"column":0},"end":{"line":99,"column":9}},"99":{"start":{"line":100,"column":0},"end":{"line":100,"column":48}},"100":{"start":{"line":101,"column":0},"end":{"line":101,"column":23}},"101":{"start":{"line":102,"column":0},"end":{"line":102,"column":25}},"102":{"start":{"line":103,"column":0},"end":{"line":103,"column":56}},"103":{"start":{"line":104,"column":0},"end":{"line":104,"column":31}},"104":{"start":{"line":105,"column":0},"end":{"line":105,"column":28}},"105":{"start":{"line":106,"column":0},"end":{"line":106,"column":9}},"107":{"start":{"line":108,"column":0},"end":{"line":108,"column":29}},"108":{"start":{"line":109,"column":0},"end":{"line":109,"column":63}},"109":{"start":{"line":110,"column":0},"end":{"line":110,"column":7}},"111":{"start":{"line":112,"column":0},"end":{"line":112,"column":74}},"112":{"start":{"line":113,"column":0},"end":{"line":113,"column":22}},"113":{"start":{"line":114,"column":0},"end":{"line":114,"column":18}},"114":{"start":{"line":115,"column":0},"end":{"line":115,"column":39}},"115":{"start":{"line":116,"column":0},"end":{"line":116,"column":44}},"116":{"start":{"line":117,"column":0},"end":{"line":117,"column":39}},"117":{"start":{"line":118,"column":0},"end":{"line":118,"column":9}},"118":{"start":{"line":119,"column":0},"end":{"line":119,"column":9}},"120":{"start":{"line":121,"column":0},"end":{"line":121,"column":25}},"121":{"start":{"line":122,"column":0},"end":{"line":122,"column":62}},"122":{"start":{"line":123,"column":0},"end":{"line":123,"column":7}},"124":{"start":{"line":125,"column":0},"end":{"line":125,"column":41}},"125":{"start":{"line":126,"column":0},"end":{"line":126,"column":54}},"127":{"start":{"line":128,"column":0},"end":{"line":128,"column":47}},"128":{"start":{"line":129,"column":0},"end":{"line":129,"column":24}},"129":{"start":{"line":130,"column":0},"end":{"line":130,"column":21}},"130":{"start":{"line":131,"column":0},"end":{"line":131,"column":54}},"131":{"start":{"line":132,"column":0},"end":{"line":132,"column":16}},"132":{"start":{"line":133,"column":0},"end":{"line":133,"column":5}},"133":{"start":{"line":134,"column":0},"end":{"line":134,"column":3}},"138":{"start":{"line":139,"column":0},"end":{"line":139,"column":57}},"139":{"start":{"line":140,"column":0},"end":{"line":140,"column":126}},"140":{"start":{"line":141,"column":0},"end":{"line":141,"column":16}},"141":{"start":{"line":142,"column":0},"end":{"line":142,"column":5}},"143":{"start":{"line":144,"column":0},"end":{"line":144,"column":81}},"144":{"start":{"line":145,"column":0},"end":{"line":145,"column":39}},"145":{"start":{"line":146,"column":0},"end":{"line":146,"column":41}},"146":{"start":{"line":147,"column":0},"end":{"line":147,"column":45}},"147":{"start":{"line":148,"column":0},"end":{"line":148,"column":39}},"148":{"start":{"line":149,"column":0},"end":{"line":149,"column":39}},"149":{"start":{"line":150,"column":0},"end":{"line":150,"column":43}},"150":{"start":{"line":151,"column":0},"end":{"line":151,"column":43}},"151":{"start":{"line":152,"column":0},"end":{"line":152,"column":55}},"152":{"start":{"line":153,"column":0},"end":{"line":153,"column":44}},"153":{"start":{"line":154,"column":0},"end":{"line":154,"column":43}},"154":{"start":{"line":155,"column":0},"end":{"line":155,"column":49}},"155":{"start":{"line":156,"column":0},"end":{"line":156,"column":44}},"156":{"start":{"line":157,"column":0},"end":{"line":157,"column":8}},"157":{"start":{"line":158,"column":0},"end":{"line":158,"column":3}},"162":{"start":{"line":163,"column":0},"end":{"line":163,"column":94}},"163":{"start":{"line":164,"column":0},"end":{"line":164,"column":54}},"165":{"start":{"line":166,"column":0},"end":{"line":166,"column":44}},"166":{"start":{"line":167,"column":0},"end":{"line":167,"column":11}},"168":{"start":{"line":169,"column":0},"end":{"line":169,"column":78}},"170":{"start":{"line":171,"column":0},"end":{"line":171,"column":44}},"171":{"start":{"line":172,"column":0},"end":{"line":172,"column":68}},"172":{"start":{"line":173,"column":0},"end":{"line":173,"column":39}},"173":{"start":{"line":174,"column":0},"end":{"line":174,"column":43}},"174":{"start":{"line":175,"column":0},"end":{"line":175,"column":47}},"175":{"start":{"line":176,"column":0},"end":{"line":176,"column":45}},"176":{"start":{"line":177,"column":0},"end":{"line":177,"column":47}},"177":{"start":{"line":178,"column":0},"end":{"line":178,"column":42}},"178":{"start":{"line":179,"column":0},"end":{"line":179,"column":44}},"179":{"start":{"line":180,"column":0},"end":{"line":180,"column":44}},"180":{"start":{"line":181,"column":0},"end":{"line":181,"column":38}},"181":{"start":{"line":182,"column":0},"end":{"line":182,"column":89}},"182":{"start":{"line":183,"column":0},"end":{"line":183,"column":33}},"183":{"start":{"line":184,"column":0},"end":{"line":184,"column":10}},"185":{"start":{"line":186,"column":0},"end":{"line":186,"column":42}},"186":{"start":{"line":187,"column":0},"end":{"line":187,"column":23}},"187":{"start":{"line":188,"column":0},"end":{"line":188,"column":84}},"190":{"start":{"line":191,"column":0},"end":{"line":191,"column":33}},"191":{"start":{"line":192,"column":0},"end":{"line":192,"column":47}},"192":{"start":{"line":193,"column":0},"end":{"line":193,"column":39}},"193":{"start":{"line":194,"column":0},"end":{"line":194,"column":43}},"194":{"start":{"line":195,"column":0},"end":{"line":195,"column":47}},"195":{"start":{"line":196,"column":0},"end":{"line":196,"column":45}},"196":{"start":{"line":197,"column":0},"end":{"line":197,"column":47}},"197":{"start":{"line":198,"column":0},"end":{"line":198,"column":42}},"198":{"start":{"line":199,"column":0},"end":{"line":199,"column":44}},"199":{"start":{"line":200,"column":0},"end":{"line":200,"column":25}},"200":{"start":{"line":201,"column":0},"end":{"line":201,"column":33}},"201":{"start":{"line":202,"column":0},"end":{"line":202,"column":11}},"202":{"start":{"line":203,"column":0},"end":{"line":203,"column":7}},"203":{"start":{"line":204,"column":0},"end":{"line":204,"column":5}},"205":{"start":{"line":206,"column":0},"end":{"line":206,"column":30}},"206":{"start":{"line":207,"column":0},"end":{"line":207,"column":3}},"211":{"start":{"line":212,"column":0},"end":{"line":212,"column":64}},"212":{"start":{"line":213,"column":0},"end":{"line":213,"column":9}},"214":{"start":{"line":215,"column":0},"end":{"line":215,"column":133}},"215":{"start":{"line":216,"column":0},"end":{"line":216,"column":18}},"216":{"start":{"line":217,"column":0},"end":{"line":217,"column":38}},"217":{"start":{"line":218,"column":0},"end":{"line":218,"column":9}},"218":{"start":{"line":219,"column":0},"end":{"line":219,"column":9}},"220":{"start":{"line":221,"column":0},"end":{"line":221,"column":36}},"222":{"start":{"line":223,"column":0},"end":{"line":223,"column":41}},"223":{"start":{"line":224,"column":0},"end":{"line":224,"column":75}},"224":{"start":{"line":225,"column":0},"end":{"line":225,"column":21}},"225":{"start":{"line":226,"column":0},"end":{"line":226,"column":52}},"226":{"start":{"line":227,"column":0},"end":{"line":227,"column":18}},"227":{"start":{"line":228,"column":0},"end":{"line":228,"column":5}},"228":{"start":{"line":229,"column":0},"end":{"line":229,"column":3}},"233":{"start":{"line":234,"column":0},"end":{"line":234,"column":91}},"234":{"start":{"line":235,"column":0},"end":{"line":235,"column":9}},"235":{"start":{"line":236,"column":0},"end":{"line":236,"column":158}},"236":{"start":{"line":237,"column":0},"end":{"line":237,"column":18}},"237":{"start":{"line":238,"column":0},"end":{"line":238,"column":38}},"238":{"start":{"line":239,"column":0},"end":{"line":239,"column":9}},"239":{"start":{"line":240,"column":0},"end":{"line":240,"column":9}},"241":{"start":{"line":242,"column":0},"end":{"line":242,"column":25}},"242":{"start":{"line":243,"column":0},"end":{"line":243,"column":65}},"243":{"start":{"line":244,"column":0},"end":{"line":244,"column":7}},"245":{"start":{"line":246,"column":0},"end":{"line":246,"column":41}},"246":{"start":{"line":247,"column":0},"end":{"line":247,"column":45}},"247":{"start":{"line":248,"column":0},"end":{"line":248,"column":21}},"248":{"start":{"line":249,"column":0},"end":{"line":249,"column":53}},"249":{"start":{"line":250,"column":0},"end":{"line":250,"column":47}},"250":{"start":{"line":251,"column":0},"end":{"line":251,"column":5}},"251":{"start":{"line":252,"column":0},"end":{"line":252,"column":3}},"256":{"start":{"line":257,"column":0},"end":{"line":257,"column":63}},"257":{"start":{"line":258,"column":0},"end":{"line":258,"column":54}},"258":{"start":{"line":259,"column":0},"end":{"line":259,"column":16}},"259":{"start":{"line":260,"column":0},"end":{"line":260,"column":5}},"261":{"start":{"line":262,"column":0},"end":{"line":262,"column":44}},"262":{"start":{"line":263,"column":0},"end":{"line":263,"column":22}},"263":{"start":{"line":264,"column":0},"end":{"line":264,"column":24}},"264":{"start":{"line":265,"column":0},"end":{"line":265,"column":51}},"265":{"start":{"line":266,"column":0},"end":{"line":266,"column":36}},"266":{"start":{"line":267,"column":0},"end":{"line":267,"column":38}},"267":{"start":{"line":268,"column":0},"end":{"line":268,"column":36}},"268":{"start":{"line":269,"column":0},"end":{"line":269,"column":28}},"269":{"start":{"line":270,"column":0},"end":{"line":270,"column":32}},"270":{"start":{"line":271,"column":0},"end":{"line":271,"column":32}},"271":{"start":{"line":272,"column":0},"end":{"line":272,"column":26}},"272":{"start":{"line":273,"column":0},"end":{"line":273,"column":58}},"273":{"start":{"line":274,"column":0},"end":{"line":274,"column":8}},"274":{"start":{"line":275,"column":0},"end":{"line":275,"column":3}},"279":{"start":{"line":280,"column":0},"end":{"line":280,"column":54}},"280":{"start":{"line":281,"column":0},"end":{"line":281,"column":84}},"282":{"start":{"line":283,"column":0},"end":{"line":283,"column":12}},"284":{"start":{"line":285,"column":0},"end":{"line":285,"column":79}},"286":{"start":{"line":287,"column":0},"end":{"line":287,"column":36}},"288":{"start":{"line":289,"column":0},"end":{"line":289,"column":61}},"290":{"start":{"line":291,"column":0},"end":{"line":291,"column":82}},"292":{"start":{"line":293,"column":0},"end":{"line":293,"column":109}},"293":{"start":{"line":294,"column":0},"end":{"line":294,"column":6}},"294":{"start":{"line":295,"column":0},"end":{"line":295,"column":3}},"299":{"start":{"line":300,"column":0},"end":{"line":300,"column":44}},"300":{"start":{"line":301,"column":0},"end":{"line":301,"column":43}},"301":{"start":{"line":302,"column":0},"end":{"line":302,"column":37}},"302":{"start":{"line":303,"column":0},"end":{"line":303,"column":32}},"303":{"start":{"line":304,"column":0},"end":{"line":304,"column":40}},"304":{"start":{"line":305,"column":0},"end":{"line":305,"column":36}},"305":{"start":{"line":306,"column":0},"end":{"line":306,"column":32}},"306":{"start":{"line":307,"column":0},"end":{"line":307,"column":36}},"307":{"start":{"line":308,"column":0},"end":{"line":308,"column":44}},"308":{"start":{"line":309,"column":0},"end":{"line":309,"column":47}},"309":{"start":{"line":310,"column":0},"end":{"line":310,"column":46}},"310":{"start":{"line":311,"column":0},"end":{"line":311,"column":35}},"311":{"start":{"line":312,"column":0},"end":{"line":312,"column":8}},"313":{"start":{"line":314,"column":0},"end":{"line":314,"column":44}},"314":{"start":{"line":315,"column":0},"end":{"line":315,"column":3}},"319":{"start":{"line":320,"column":0},"end":{"line":320,"column":28}},"322":{"start":{"line":323,"column":0},"end":{"line":323,"column":49}},"323":{"start":{"line":324,"column":0},"end":{"line":324,"column":78}},"324":{"start":{"line":325,"column":0},"end":{"line":325,"column":5}},"325":{"start":{"line":326,"column":0},"end":{"line":326,"column":3}},"330":{"start":{"line":331,"column":0},"end":{"line":331,"column":68}},"331":{"start":{"line":332,"column":0},"end":{"line":332,"column":30}},"332":{"start":{"line":333,"column":0},"end":{"line":333,"column":7}},"333":{"start":{"line":334,"column":0},"end":{"line":334,"column":27}},"334":{"start":{"line":335,"column":0},"end":{"line":335,"column":31}},"335":{"start":{"line":336,"column":0},"end":{"line":336,"column":29}},"336":{"start":{"line":337,"column":0},"end":{"line":337,"column":34}},"337":{"start":{"line":338,"column":0},"end":{"line":338,"column":62}},"338":{"start":{"line":339,"column":0},"end":{"line":339,"column":24}},"339":{"start":{"line":340,"column":0},"end":{"line":340,"column":58}},"340":{"start":{"line":341,"column":0},"end":{"line":341,"column":8}},"341":{"start":{"line":342,"column":0},"end":{"line":342,"column":7}},"342":{"start":{"line":343,"column":0},"end":{"line":343,"column":28}},"343":{"start":{"line":344,"column":0},"end":{"line":344,"column":33}},"344":{"start":{"line":345,"column":0},"end":{"line":345,"column":29}},"345":{"start":{"line":346,"column":0},"end":{"line":346,"column":32}},"346":{"start":{"line":347,"column":0},"end":{"line":347,"column":52}},"347":{"start":{"line":348,"column":0},"end":{"line":348,"column":24}},"348":{"start":{"line":349,"column":0},"end":{"line":349,"column":58}},"349":{"start":{"line":350,"column":0},"end":{"line":350,"column":7}},"350":{"start":{"line":351,"column":0},"end":{"line":351,"column":6}},"352":{"start":{"line":353,"column":0},"end":{"line":353,"column":27}},"353":{"start":{"line":354,"column":0},"end":{"line":354,"column":22}},"354":{"start":{"line":355,"column":0},"end":{"line":355,"column":65}},"355":{"start":{"line":356,"column":0},"end":{"line":356,"column":67}},"356":{"start":{"line":357,"column":0},"end":{"line":357,"column":7}},"357":{"start":{"line":358,"column":0},"end":{"line":358,"column":41}},"358":{"start":{"line":359,"column":0},"end":{"line":359,"column":3}},"363":{"start":{"line":364,"column":0},"end":{"line":364,"column":75}},"368":{"start":{"line":369,"column":0},"end":{"line":369,"column":12}},"369":{"start":{"line":370,"column":0},"end":{"line":370,"column":80}},"370":{"start":{"line":371,"column":0},"end":{"line":371,"column":18}},"371":{"start":{"line":372,"column":0},"end":{"line":372,"column":5}},"373":{"start":{"line":374,"column":0},"end":{"line":374,"column":63}},"374":{"start":{"line":375,"column":0},"end":{"line":375,"column":22}},"377":{"start":{"line":378,"column":0},"end":{"line":378,"column":41}},"378":{"start":{"line":379,"column":0},"end":{"line":379,"column":77}},"379":{"start":{"line":380,"column":0},"end":{"line":380,"column":44}},"380":{"start":{"line":381,"column":0},"end":{"line":381,"column":14}},"381":{"start":{"line":382,"column":0},"end":{"line":382,"column":7}},"382":{"start":{"line":383,"column":0},"end":{"line":383,"column":5}},"385":{"start":{"line":386,"column":0},"end":{"line":386,"column":50}},"386":{"start":{"line":387,"column":0},"end":{"line":387,"column":44}},"387":{"start":{"line":388,"column":0},"end":{"line":388,"column":5}},"389":{"start":{"line":390,"column":0},"end":{"line":390,"column":12}},"390":{"start":{"line":391,"column":0},"end":{"line":391,"column":16}},"391":{"start":{"line":392,"column":0},"end":{"line":392,"column":39}},"392":{"start":{"line":393,"column":0},"end":{"line":393,"column":84}},"393":{"start":{"line":394,"column":0},"end":{"line":394,"column":21}},"394":{"start":{"line":395,"column":0},"end":{"line":395,"column":6}},"395":{"start":{"line":396,"column":0},"end":{"line":396,"column":3}},"400":{"start":{"line":401,"column":0},"end":{"line":401,"column":51}},"405":{"start":{"line":406,"column":0},"end":{"line":406,"column":5}},"406":{"start":{"line":407,"column":0},"end":{"line":407,"column":35}},"407":{"start":{"line":408,"column":0},"end":{"line":408,"column":14}},"408":{"start":{"line":409,"column":0},"end":{"line":409,"column":23}},"409":{"start":{"line":410,"column":0},"end":{"line":410,"column":22}},"410":{"start":{"line":411,"column":0},"end":{"line":411,"column":23}},"411":{"start":{"line":412,"column":0},"end":{"line":412,"column":8}},"412":{"start":{"line":413,"column":0},"end":{"line":413,"column":5}},"414":{"start":{"line":415,"column":0},"end":{"line":415,"column":12}},"415":{"start":{"line":416,"column":0},"end":{"line":416,"column":55}},"416":{"start":{"line":417,"column":0},"end":{"line":417,"column":54}},"417":{"start":{"line":418,"column":0},"end":{"line":418,"column":58}},"418":{"start":{"line":419,"column":0},"end":{"line":419,"column":84}},"419":{"start":{"line":420,"column":0},"end":{"line":420,"column":6}},"420":{"start":{"line":421,"column":0},"end":{"line":421,"column":3}},"421":{"start":{"line":422,"column":0},"end":{"line":422,"column":1}},"423":{"start":{"line":424,"column":0},"end":{"line":424,"column":38}}},"s":{"40":1,"41":0,"42":0,"43":0,"44":0,"45":0,"46":0,"48":0,"49":0,"50":0,"51":0,"53":0,"54":0,"55":0,"56":0,"61":0,"66":0,"67":0,"69":0,"71":0,"72":0,"73":0,"74":0,"77":0,"79":0,"80":0,"81":0,"82":0,"83":0,"84":0,"89":0,"92":0,"93":0,"94":0,"95":0,"96":0,"98":0,"99":0,"100":0,"101":0,"102":0,"103":0,"104":0,"105":0,"107":0,"108":0,"109":0,"111":0,"112":0,"113":0,"114":0,"115":0,"116":0,"117":0,"118":0,"120":0,"121":0,"122":0,"124":0,"125":0,"127":0,"128":0,"129":0,"130":0,"131":0,"132":0,"133":0,"138":0,"139":0,"140":0,"141":0,"143":0,"144":0,"145":0,"146":0,"147":0,"148":0,"149":0,"150":0,"151":0,"152":0,"153":0,"154":0,"155":0,"156":0,"157":0,"162":0,"163":0,"165":0,"166":0,"168":0,"170":0,"171":0,"172":0,"173":0,"174":0,"175":0,"176":0,"177":0,"178":0,"179":0,"180":0,"181":0,"182":0,"183":0,"185":0,"186":0,"187":0,"190":0,"191":0,"192":0,"193":0,"194":0,"195":0,"196":0,"197":0,"198":0,"199":0,"200":0,"201":0,"202":0,"203":0,"205":0,"206":0,"211":0,"212":0,"214":0,"215":0,"216":0,"217":0,"218":0,"220":0,"222":0,"223":0,"224":0,"225":0,"226":0,"227":0,"228":0,"233":0,"234":0,"235":0,"236":0,"237":0,"238":0,"239":0,"241":0,"242":0,"243":0,"245":0,"246":0,"247":0,"248":0,"249":0,"250":0,"251":0,"256":0,"257":0,"258":0,"259":0,"261":0,"262":0,"263":0,"264":0,"265":0,"266":0,"267":0,"268":0,"269":0,"270":0,"271":0,"272":0,"273":0,"274":0,"279":0,"280":0,"282":0,"284":0,"286":0,"288":0,"290":0,"292":0,"293":0,"294":0,"299":0,"300":0,"301":0,"302":0,"303":0,"304":0,"305":0,"306":0,"307":0,"308":0,"309":0,"310":0,"311":0,"313":0,"314":0,"319":0,"322":0,"323":0,"324":0,"325":0,"330":0,"331":0,"332":0,"333":0,"334":0,"335":0,"336":0,"337":0,"338":0,"339":0,"340":0,"341":0,"342":0,"343":0,"344":0,"345":0,"346":0,"347":0,"348":0,"349":0,"350":0,"352":0,"353":0,"354":0,"355":0,"356":0,"357":0,"358":0,"363":0,"368":0,"369":0,"370":0,"371":0,"373":0,"374":0,"377":0,"378":0,"379":0,"380":0,"381":0,"382":0,"385":0,"386":0,"387":0,"389":0,"390":0,"391":0,"392":0,"393":0,"394":0,"395":0,"400":0,"405":0,"406":0,"407":0,"408":0,"409":0,"410":0,"411":0,"412":0,"414":0,"415":0,"416":0,"417":0,"418":0,"419":0,"420":0,"421":0,"423":1},"branchMap":{"0":{"type":"branch","line":41,"loc":{"start":{"line":41,"column":7},"end":{"line":422,"column":1}},"locations":[{"start":{"line":41,"column":7},"end":{"line":422,"column":1}}]}},"b":{"0":[0]},"fnMap":{"0":{"name":"<instance_members_initializer>","decl":{"start":{"line":41,"column":7},"end":{"line":422,"column":1}},"loc":{"start":{"line":41,"column":7},"end":{"line":422,"column":1}},"line":41}},"f":{"0":0}},"/home/runner/work/BOM-Generator/BOM-Generator/src/services/HybridFirebaseBOMService.ts":{"path":"/home/runner/work/BOM-Generator/BOM-Generator/src/services/HybridFirebaseBOMService.ts","all":false,"statementMap":{"0":{"start":{"line":1,"column":0},"end":{"line":1,"column":30}},"82":{"start":{"line":83,"column":0},"end":{"line":83,"column":39}},"83":{"start":{"line":84,"column":0},"end":{"line":84,"column":30}},"84":{"start":{"line":85,"column":0},"end":{"line":85,"column":58}},"85":{"start":{"line":86,"column":0},"end":{"line":86,"column":61}},"87":{"start":{"line":88,"column":0},"end":{"line":88,"column":17}},"88":{"start":{"line":89,"column":0},"end":{"line":89,"column":22}},"89":{"start":{"line":90,"column":0},"end":{"line":90,"column":3}},"91":{"start":{"line":92,"column":0},"end":{"line":92,"column":37}},"92":{"start":{"line":93,"column":0},"end":{"line":93,"column":9}},"94":{"start":{"line":95,"column":0},"end":{"line":95,"column":53}},"95":{"start":{"line":96,"column":0},"end":{"line":96,"column":30}},"96":{"start":{"line":97,"column":0},"end":{"line":97,"column":69}},"97":{"start":{"line":98,"column":0},"end":{"line":98,"column":21}},"98":{"start":{"line":99,"column":0},"end":{"line":99,"column":75}},"99":{"start":{"line":100,"column":0},"end":{"line":100,"column":31}},"100":{"start":{"line":101,"column":0},"end":{"line":101,"column":18}},"101":{"start":{"line":102,"column":0},"end":{"line":102,"column":5}},"102":{"start":{"line":103,"column":0},"end":{"line":103,"column":3}},"105":{"start":{"line":106,"column":0},"end":{"line":106,"column":55}},"106":{"start":{"line":107,"column":0},"end":{"line":107,"column":9}},"107":{"start":{"line":108,"column":0},"end":{"line":108,"column":61}},"108":{"start":{"line":109,"column":0},"end":{"line":109,"column":56}},"110":{"start":{"line":111,"column":0},"end":{"line":111,"column":40}},"111":{"start":{"line":112,"column":0},"end":{"line":112,"column":38}},"112":{"start":{"line":113,"column":0},"end":{"line":113,"column":32}},"113":{"start":{"line":114,"column":0},"end":{"line":114,"column":20}},"114":{"start":{"line":115,"column":0},"end":{"line":115,"column":29}},"115":{"start":{"line":116,"column":0},"end":{"line":116,"column":44}},"116":{"start":{"line":117,"column":0},"end":{"line":117,"column":47}},"117":{"start":{"line":118,"column":0},"end":{"line":118,"column":39}},"118":{"start":{"line":119,"column":0},"end":{"line":119,"column":39}},"119":{"start":{"line":120,"column":0},"end":{"line":120,"column":51}},"120":{"start":{"line":121,"column":0},"end":{"line":121,"column":36}},"121":{"start":{"line":122,"column":0},"end":{"line":122,"column":34}},"122":{"start":{"line":123,"column":0},"end":{"line":123,"column":43}},"123":{"start":{"line":124,"column":0},"end":{"line":124,"column":34}},"124":{"start":{"line":125,"column":0},"end":{"line":125,"column":34}},"125":{"start":{"line":126,"column":0},"end":{"line":126,"column":50}},"126":{"start":{"line":127,"column":0},"end":{"line":127,"column":45}},"127":{"start":{"line":128,"column":0},"end":{"line":128,"column":11}},"128":{"start":{"line":129,"column":0},"end":{"line":129,"column":9}},"130":{"start":{"line":131,"column":0},"end":{"line":131,"column":77}},"131":{"start":{"line":132,"column":0},"end":{"line":132,"column":19}},"132":{"start":{"line":133,"column":0},"end":{"line":133,"column":21}},"133":{"start":{"line":134,"column":0},"end":{"line":134,"column":71}},"134":{"start":{"line":135,"column":0},"end":{"line":135,"column":18}},"135":{"start":{"line":136,"column":0},"end":{"line":136,"column":5}},"136":{"start":{"line":137,"column":0},"end":{"line":137,"column":3}},"138":{"start":{"line":139,"column":0},"end":{"line":139,"column":77}},"139":{"start":{"line":140,"column":0},"end":{"line":140,"column":9}},"140":{"start":{"line":141,"column":0},"end":{"line":141,"column":60}},"141":{"start":{"line":142,"column":0},"end":{"line":142,"column":43}},"143":{"start":{"line":144,"column":0},"end":{"line":144,"column":29}},"144":{"start":{"line":145,"column":0},"end":{"line":145,"column":36}},"145":{"start":{"line":146,"column":0},"end":{"line":146,"column":16}},"146":{"start":{"line":147,"column":0},"end":{"line":147,"column":33}},"147":{"start":{"line":148,"column":0},"end":{"line":148,"column":44}},"148":{"start":{"line":149,"column":0},"end":{"line":149,"column":47}},"149":{"start":{"line":150,"column":0},"end":{"line":150,"column":39}},"150":{"start":{"line":151,"column":0},"end":{"line":151,"column":39}},"151":{"start":{"line":152,"column":0},"end":{"line":152,"column":51}},"152":{"start":{"line":153,"column":0},"end":{"line":153,"column":36}},"153":{"start":{"line":154,"column":0},"end":{"line":154,"column":34}},"154":{"start":{"line":155,"column":0},"end":{"line":155,"column":43}},"155":{"start":{"line":156,"column":0},"end":{"line":156,"column":34}},"156":{"start":{"line":157,"column":0},"end":{"line":157,"column":34}},"157":{"start":{"line":158,"column":0},"end":{"line":158,"column":50}},"158":{"start":{"line":159,"column":0},"end":{"line":159,"column":45}},"159":{"start":{"line":160,"column":0},"end":{"line":160,"column":10}},"160":{"start":{"line":161,"column":0},"end":{"line":161,"column":7}},"161":{"start":{"line":162,"column":0},"end":{"line":162,"column":18}},"162":{"start":{"line":163,"column":0},"end":{"line":163,"column":21}},"163":{"start":{"line":164,"column":0},"end":{"line":164,"column":76}},"164":{"start":{"line":165,"column":0},"end":{"line":165,"column":18}},"165":{"start":{"line":166,"column":0},"end":{"line":166,"column":5}},"166":{"start":{"line":167,"column":0},"end":{"line":167,"column":3}},"168":{"start":{"line":169,"column":0},"end":{"line":169,"column":65}},"169":{"start":{"line":170,"column":0},"end":{"line":170,"column":9}},"170":{"start":{"line":171,"column":0},"end":{"line":171,"column":65}},"171":{"start":{"line":172,"column":0},"end":{"line":172,"column":31}},"172":{"start":{"line":173,"column":0},"end":{"line":173,"column":16}},"173":{"start":{"line":174,"column":0},"end":{"line":174,"column":38}},"174":{"start":{"line":175,"column":0},"end":{"line":175,"column":9}},"175":{"start":{"line":176,"column":0},"end":{"line":176,"column":67}},"176":{"start":{"line":177,"column":0},"end":{"line":177,"column":21}},"177":{"start":{"line":178,"column":0},"end":{"line":178,"column":82}},"178":{"start":{"line":179,"column":0},"end":{"line":179,"column":18}},"179":{"start":{"line":180,"column":0},"end":{"line":180,"column":5}},"180":{"start":{"line":181,"column":0},"end":{"line":181,"column":3}},"182":{"start":{"line":183,"column":0},"end":{"line":183,"column":65}},"183":{"start":{"line":184,"column":0},"end":{"line":184,"column":9}},"184":{"start":{"line":185,"column":0},"end":{"line":185,"column":65}},"185":{"start":{"line":186,"column":0},"end":{"line":186,"column":28}},"186":{"start":{"line":187,"column":0},"end":{"line":187,"column":16}},"187":{"start":{"line":188,"column":0},"end":{"line":188,"column":37}},"188":{"start":{"line":189,"column":0},"end":{"line":189,"column":38}},"189":{"start":{"line":190,"column":0},"end":{"line":190,"column":9}},"190":{"start":{"line":191,"column":0},"end":{"line":191,"column":66}},"191":{"start":{"line":192,"column":0},"end":{"line":192,"column":21}},"192":{"start":{"line":193,"column":0},"end":{"line":193,"column":82}},"193":{"start":{"line":194,"column":0},"end":{"line":194,"column":18}},"194":{"start":{"line":195,"column":0},"end":{"line":195,"column":5}},"195":{"start":{"line":196,"column":0},"end":{"line":196,"column":3}},"198":{"start":{"line":199,"column":0},"end":{"line":199,"column":51}},"199":{"start":{"line":200,"column":0},"end":{"line":200,"column":9}},"200":{"start":{"line":201,"column":0},"end":{"line":201,"column":62}},"201":{"start":{"line":202,"column":0},"end":{"line":202,"column":69}},"202":{"start":{"line":203,"column":0},"end":{"line":203,"column":45}},"204":{"start":{"line":205,"column":0},"end":{"line":205,"column":42}},"205":{"start":{"line":206,"column":0},"end":{"line":206,"column":38}},"206":{"start":{"line":207,"column":0},"end":{"line":207,"column":32}},"207":{"start":{"line":208,"column":0},"end":{"line":208,"column":24}},"208":{"start":{"line":209,"column":0},"end":{"line":209,"column":24}},"209":{"start":{"line":210,"column":0},"end":{"line":210,"column":26}},"210":{"start":{"line":211,"column":0},"end":{"line":211,"column":40}},"211":{"start":{"line":212,"column":0},"end":{"line":212,"column":32}},"212":{"start":{"line":213,"column":0},"end":{"line":213,"column":30}},"213":{"start":{"line":214,"column":0},"end":{"line":214,"column":34}},"214":{"start":{"line":215,"column":0},"end":{"line":215,"column":59}},"215":{"start":{"line":216,"column":0},"end":{"line":216,"column":60}},"216":{"start":{"line":217,"column":0},"end":{"line":217,"column":60}},"217":{"start":{"line":218,"column":0},"end":{"line":218,"column":48}},"218":{"start":{"line":219,"column":0},"end":{"line":219,"column":11}},"219":{"start":{"line":220,"column":0},"end":{"line":220,"column":9}},"221":{"start":{"line":222,"column":0},"end":{"line":222,"column":79}},"222":{"start":{"line":223,"column":0},"end":{"line":223,"column":23}},"223":{"start":{"line":224,"column":0},"end":{"line":224,"column":21}},"224":{"start":{"line":225,"column":0},"end":{"line":225,"column":61}},"225":{"start":{"line":226,"column":0},"end":{"line":226,"column":18}},"226":{"start":{"line":227,"column":0},"end":{"line":227,"column":5}},"227":{"start":{"line":228,"column":0},"end":{"line":228,"column":3}},"229":{"start":{"line":230,"column":0},"end":{"line":230,"column":68}},"230":{"start":{"line":231,"column":0},"end":{"line":231,"column":9}},"231":{"start":{"line":232,"column":0},"end":{"line":232,"column":53}},"232":{"start":{"line":233,"column":0},"end":{"line":233,"column":43}},"234":{"start":{"line":235,"column":0},"end":{"line":235,"column":29}},"235":{"start":{"line":236,"column":0},"end":{"line":236,"column":36}},"236":{"start":{"line":237,"column":0},"end":{"line":237,"column":16}},"237":{"start":{"line":238,"column":0},"end":{"line":238,"column":28}},"238":{"start":{"line":239,"column":0},"end":{"line":239,"column":26}},"239":{"start":{"line":240,"column":0},"end":{"line":240,"column":40}},"240":{"start":{"line":241,"column":0},"end":{"line":241,"column":32}},"241":{"start":{"line":242,"column":0},"end":{"line":242,"column":30}},"242":{"start":{"line":243,"column":0},"end":{"line":243,"column":34}},"243":{"start":{"line":244,"column":0},"end":{"line":244,"column":59}},"244":{"start":{"line":245,"column":0},"end":{"line":245,"column":60}},"245":{"start":{"line":246,"column":0},"end":{"line":246,"column":60}},"246":{"start":{"line":247,"column":0},"end":{"line":247,"column":48}},"247":{"start":{"line":248,"column":0},"end":{"line":248,"column":10}},"248":{"start":{"line":249,"column":0},"end":{"line":249,"column":7}},"249":{"start":{"line":250,"column":0},"end":{"line":250,"column":18}},"250":{"start":{"line":251,"column":0},"end":{"line":251,"column":21}},"251":{"start":{"line":252,"column":0},"end":{"line":252,"column":69}},"252":{"start":{"line":253,"column":0},"end":{"line":253,"column":18}},"253":{"start":{"line":254,"column":0},"end":{"line":254,"column":5}},"254":{"start":{"line":255,"column":0},"end":{"line":255,"column":3}},"256":{"start":{"line":257,"column":0},"end":{"line":257,"column":97}},"257":{"start":{"line":258,"column":0},"end":{"line":258,"column":9}},"258":{"start":{"line":259,"column":0},"end":{"line":259,"column":96}},"260":{"start":{"line":261,"column":0},"end":{"line":261,"column":27}},"261":{"start":{"line":262,"column":0},"end":{"line":262,"column":13}},"262":{"start":{"line":263,"column":0},"end":{"line":263,"column":20}},"263":{"start":{"line":264,"column":0},"end":{"line":264,"column":23}},"264":{"start":{"line":265,"column":0},"end":{"line":265,"column":34}},"265":{"start":{"line":266,"column":0},"end":{"line":266,"column":14}},"266":{"start":{"line":267,"column":0},"end":{"line":267,"column":27}},"267":{"start":{"line":268,"column":0},"end":{"line":268,"column":37}},"268":{"start":{"line":269,"column":0},"end":{"line":269,"column":37}},"269":{"start":{"line":270,"column":0},"end":{"line":270,"column":34}},"270":{"start":{"line":271,"column":0},"end":{"line":271,"column":8}},"272":{"start":{"line":273,"column":0},"end":{"line":273,"column":80}},"273":{"start":{"line":274,"column":0},"end":{"line":274,"column":76}},"274":{"start":{"line":275,"column":0},"end":{"line":275,"column":23}},"275":{"start":{"line":276,"column":0},"end":{"line":276,"column":21}},"276":{"start":{"line":277,"column":0},"end":{"line":277,"column":69}},"277":{"start":{"line":278,"column":0},"end":{"line":278,"column":18}},"278":{"start":{"line":279,"column":0},"end":{"line":279,"column":5}},"279":{"start":{"line":280,"column":0},"end":{"line":280,"column":3}},"281":{"start":{"line":282,"column":0},"end":{"line":282,"column":75}},"282":{"start":{"line":283,"column":0},"end":{"line":283,"column":9}},"283":{"start":{"line":284,"column":0},"end":{"line":284,"column":96}},"285":{"start":{"line":286,"column":0},"end":{"line":286,"column":53}},"286":{"start":{"line":287,"column":0},"end":{"line":287,"column":31}},"287":{"start":{"line":288,"column":0},"end":{"line":288,"column":14}},"288":{"start":{"line":289,"column":0},"end":{"line":289,"column":27}},"289":{"start":{"line":290,"column":0},"end":{"line":290,"column":36}},"290":{"start":{"line":291,"column":0},"end":{"line":291,"column":9}},"291":{"start":{"line":292,"column":0},"end":{"line":292,"column":55}},"292":{"start":{"line":293,"column":0},"end":{"line":293,"column":21}},"293":{"start":{"line":294,"column":0},"end":{"line":294,"column":70}},"294":{"start":{"line":295,"column":0},"end":{"line":295,"column":18}},"295":{"start":{"line":296,"column":0},"end":{"line":296,"column":5}},"296":{"start":{"line":297,"column":0},"end":{"line":297,"column":3}},"298":{"start":{"line":299,"column":0},"end":{"line":299,"column":57}},"299":{"start":{"line":300,"column":0},"end":{"line":300,"column":9}},"300":{"start":{"line":301,"column":0},"end":{"line":301,"column":53}},"301":{"start":{"line":302,"column":0},"end":{"line":302,"column":30}},"302":{"start":{"line":303,"column":0},"end":{"line":303,"column":56}},"303":{"start":{"line":304,"column":0},"end":{"line":304,"column":21}},"304":{"start":{"line":305,"column":0},"end":{"line":305,"column":70}},"305":{"start":{"line":306,"column":0},"end":{"line":306,"column":18}},"306":{"start":{"line":307,"column":0},"end":{"line":307,"column":5}},"307":{"start":{"line":308,"column":0},"end":{"line":308,"column":3}},"310":{"start":{"line":311,"column":0},"end":{"line":311,"column":81}},"311":{"start":{"line":312,"column":0},"end":{"line":312,"column":59}},"313":{"start":{"line":314,"column":0},"end":{"line":314,"column":72}},"314":{"start":{"line":315,"column":0},"end":{"line":315,"column":40}},"315":{"start":{"line":316,"column":0},"end":{"line":316,"column":33}},"316":{"start":{"line":317,"column":0},"end":{"line":317,"column":32}},"317":{"start":{"line":318,"column":0},"end":{"line":318,"column":20}},"318":{"start":{"line":319,"column":0},"end":{"line":319,"column":29}},"319":{"start":{"line":320,"column":0},"end":{"line":320,"column":44}},"320":{"start":{"line":321,"column":0},"end":{"line":321,"column":47}},"321":{"start":{"line":322,"column":0},"end":{"line":322,"column":39}},"322":{"start":{"line":323,"column":0},"end":{"line":323,"column":39}},"323":{"start":{"line":324,"column":0},"end":{"line":324,"column":51}},"324":{"start":{"line":325,"column":0},"end":{"line":325,"column":36}},"325":{"start":{"line":326,"column":0},"end":{"line":326,"column":34}},"326":{"start":{"line":327,"column":0},"end":{"line":327,"column":43}},"327":{"start":{"line":328,"column":0},"end":{"line":328,"column":34}},"328":{"start":{"line":329,"column":0},"end":{"line":329,"column":34}},"329":{"start":{"line":330,"column":0},"end":{"line":330,"column":50}},"330":{"start":{"line":331,"column":0},"end":{"line":331,"column":45}},"331":{"start":{"line":332,"column":0},"end":{"line":332,"column":11}},"332":{"start":{"line":333,"column":0},"end":{"line":333,"column":9}},"333":{"start":{"line":334,"column":0},"end":{"line":334,"column":22}},"334":{"start":{"line":335,"column":0},"end":{"line":335,"column":7}},"336":{"start":{"line":337,"column":0},"end":{"line":337,"column":37}},"337":{"start":{"line":338,"column":0},"end":{"line":338,"column":3}},"339":{"start":{"line":340,"column":0},"end":{"line":340,"column":86}},"340":{"start":{"line":341,"column":0},"end":{"line":341,"column":60}},"341":{"start":{"line":342,"column":0},"end":{"line":342,"column":67}},"343":{"start":{"line":344,"column":0},"end":{"line":344,"column":64}},"344":{"start":{"line":345,"column":0},"end":{"line":345,"column":42}},"345":{"start":{"line":346,"column":0},"end":{"line":346,"column":33}},"346":{"start":{"line":347,"column":0},"end":{"line":347,"column":32}},"347":{"start":{"line":348,"column":0},"end":{"line":348,"column":24}},"348":{"start":{"line":349,"column":0},"end":{"line":349,"column":24}},"349":{"start":{"line":350,"column":0},"end":{"line":350,"column":26}},"350":{"start":{"line":351,"column":0},"end":{"line":351,"column":40}},"351":{"start":{"line":352,"column":0},"end":{"line":352,"column":32}},"352":{"start":{"line":353,"column":0},"end":{"line":353,"column":30}},"353":{"start":{"line":354,"column":0},"end":{"line":354,"column":34}},"354":{"start":{"line":355,"column":0},"end":{"line":355,"column":59}},"355":{"start":{"line":356,"column":0},"end":{"line":356,"column":60}},"356":{"start":{"line":357,"column":0},"end":{"line":357,"column":60}},"357":{"start":{"line":358,"column":0},"end":{"line":358,"column":48}},"358":{"start":{"line":359,"column":0},"end":{"line":359,"column":11}},"359":{"start":{"line":360,"column":0},"end":{"line":360,"column":9}},"360":{"start":{"line":361,"column":0},"end":{"line":361,"column":26}},"361":{"start":{"line":362,"column":0},"end":{"line":362,"column":7}},"363":{"start":{"line":364,"column":0},"end":{"line":364,"column":40}},"364":{"start":{"line":365,"column":0},"end":{"line":365,"column":3}},"367":{"start":{"line":368,"column":0},"end":{"line":368,"column":50}},"368":{"start":{"line":369,"column":0},"end":{"line":369,"column":69}},"371":{"start":{"line":372,"column":0},"end":{"line":372,"column":3}},"373":{"start":{"line":374,"column":0},"end":{"line":374,"column":39}},"375":{"start":{"line":376,"column":0},"end":{"line":376,"column":51}},"376":{"start":{"line":377,"column":0},"end":{"line":377,"column":31}},"377":{"start":{"line":378,"column":0},"end":{"line":378,"column":32}},"378":{"start":{"line":379,"column":0},"end":{"line":379,"column":5}},"379":{"start":{"line":380,"column":0},"end":{"line":380,"column":14}},"380":{"start":{"line":381,"column":0},"end":{"line":381,"column":3}},"382":{"start":{"line":383,"column":0},"end":{"line":383,"column":49}},"383":{"start":{"line":384,"column":0},"end":{"line":384,"column":40}},"384":{"start":{"line":385,"column":0},"end":{"line":385,"column":3}},"386":{"start":{"line":387,"column":0},"end":{"line":387,"column":28}},"387":{"start":{"line":388,"column":0},"end":{"line":388,"column":28}},"388":{"start":{"line":389,"column":0},"end":{"line":389,"column":3}},"391":{"start":{"line":392,"column":0},"end":{"line":392,"column":19}},"392":{"start":{"line":393,"column":0},"end":{"line":393,"column":36}},"393":{"start":{"line":394,"column":0},"end":{"line":394,"column":34}},"394":{"start":{"line":395,"column":0},"end":{"line":395,"column":39}},"395":{"start":{"line":396,"column":0},"end":{"line":396,"column":5}},"396":{"start":{"line":397,"column":0},"end":{"line":397,"column":39}},"397":{"start":{"line":398,"column":0},"end":{"line":398,"column":37}},"398":{"start":{"line":399,"column":0},"end":{"line":399,"column":42}},"399":{"start":{"line":400,"column":0},"end":{"line":400,"column":5}},"400":{"start":{"line":401,"column":0},"end":{"line":401,"column":3}},"401":{"start":{"line":402,"column":0},"end":{"line":402,"column":1}},"403":{"start":{"line":404,"column":0},"end":{"line":404,"column":40}}},"s":{"0":1,"82":1,"83":1,"84":1,"85":1,"87":1,"88":1,"89":1,"91":1,"92":1,"94":1,"95":1,"96":1,"97":1,"98":0,"99":0,"100":0,"101":0,"102":1,"105":1,"106":0,"107":0,"108":0,"110":0,"111":0,"112":0,"113":0,"114":0,"115":0,"116":0,"117":0,"118":0,"119":0,"120":0,"121":0,"122":0,"123":0,"124":0,"125":0,"126":0,"127":0,"128":0,"130":0,"131":0,"132":0,"133":0,"134":0,"135":0,"136":0,"138":1,"139":0,"140":0,"141":0,"143":0,"144":0,"145":0,"146":0,"147":0,"148":0,"149":0,"150":0,"151":0,"152":0,"153":0,"154":0,"155":0,"156":0,"157":0,"158":0,"159":0,"160":0,"161":0,"162":0,"163":0,"164":0,"165":0,"166":0,"168":1,"169":0,"170":0,"171":0,"172":0,"173":0,"174":0,"175":0,"176":0,"177":0,"178":0,"179":0,"180":0,"182":1,"183":0,"184":0,"185":0,"186":0,"187":0,"188":0,"189":0,"190":0,"191":0,"192":0,"193":0,"194":0,"195":0,"198":1,"199":0,"200":0,"201":0,"202":0,"204":0,"205":0,"206":0,"207":0,"208":0,"209":0,"210":0,"211":0,"212":0,"213":0,"214":0,"215":0,"216":0,"217":0,"218":0,"219":0,"221":0,"222":0,"223":0,"224":0,"225":0,"226":0,"227":0,"229":1,"230":0,"231":0,"232":0,"234":0,"235":0,"236":0,"237":0,"238":0,"239":0,"240":0,"241":0,"242":0,"243":0,"244":0,"245":0,"246":0,"247":0,"248":0,"249":0,"250":0,"251":0,"252":0,"253":0,"254":0,"256":1,"257":0,"258":0,"260":0,"261":0,"262":0,"263":0,"264":0,"265":0,"266":0,"267":0,"268":0,"269":0,"270":0,"272":0,"273":0,"274":0,"275":0,"276":0,"277":0,"278":0,"279":0,"281":1,"282":0,"283":0,"285":0,"286":0,"287":0,"288":0,"289":0,"290":0,"291":0,"292":0,"293":0,"294":0,"295":0,"296":0,"298":1,"299":0,"300":0,"301":0,"302":0,"303":0,"304":0,"305":0,"306":0,"307":0,"310":1,"311":0,"313":0,"314":0,"315":0,"316":0,"317":0,"318":0,"319":0,"320":0,"321":0,"322":0,"323":0,"324":0,"325":0,"326":0,"327":0,"328":0,"329":0,"330":0,"331":0,"332":0,"333":0,"334":0,"336":0,"337":0,"339":1,"340":0,"341":0,"343":0,"344":0,"345":0,"346":0,"347":0,"348":0,"349":0,"350":0,"351":0,"352":0,"353":0,"354":0,"355":0,"356":0,"357":0,"358":0,"359":0,"360":0,"361":0,"363":0,"364":0,"367":1,"368":0,"371":0,"373":1,"375":0,"376":0,"377":0,"378":0,"379":0,"380":0,"382":1,"383":0,"384":0,"386":1,"387":1,"388":1,"391":1,"392":0,"393":0,"394":0,"395":0,"396":0,"397":0,"398":0,"399":0,"400":0,"401":1,"403":1},"branchMap":{"0":{"type":"branch","line":83,"loc":{"start":{"line":83,"column":7},"end":{"line":402,"column":1}},"locations":[{"start":{"line":83,"column":7},"end":{"line":402,"column":1}}]},"1":{"type":"branch","line":88,"loc":{"start":{"line":88,"column":2},"end":{"line":90,"column":3}},"locations":[{"start":{"line":88,"column":2},"end":{"line":90,"column":3}}]},"2":{"type":"branch","line":92,"loc":{"start":{"line":92,"column":2},"end":{"line":103,"column":3}},"locations":[{"start":{"line":92,"column":2},"end":{"line":103,"column":3}}]},"3":{"type":"branch","line":98,"loc":{"start":{"line":98,"column":4},"end":{"line":102,"column":5}},"locations":[{"start":{"line":98,"column":4},"end":{"line":102,"column":5}}]},"4":{"type":"branch","line":387,"loc":{"start":{"line":387,"column":2},"end":{"line":389,"column":3}},"locations":[{"start":{"line":387,"column":2},"end":{"line":389,"column":3}}]}},"b":{"0":[1],"1":[1],"2":[1],"3":[0],"4":[1]},"fnMap":{"0":{"name":"<instance_members_initializer>","decl":{"start":{"line":83,"column":7},"end":{"line":402,"column":1}},"loc":{"start":{"line":83,"column":7},"end":{"line":402,"column":1}},"line":83},"1":{"name":"HybridFirebaseBOMService","decl":{"start":{"line":88,"column":2},"end":{"line":90,"column":3}},"loc":{"start":{"line":88,"column":2},"end":{"line":90,"column":3}},"line":88},"2":{"name":"initialize","decl":{"start":{"line":92,"column":2},"end":{"line":103,"column":3}},"loc":{"start":{"line":92,"column":2},"end":{"line":103,"column":3}},"line":92},"3":{"name":"getInventoryItems","decl":{"start":{"line":106,"column":2},"end":{"line":137,"column":3}},"loc":{"start":{"line":106,"column":2},"end":{"line":137,"column":3}},"line":106},"4":{"name":"getInventoryItem","decl":{"start":{"line":139,"column":2},"end":{"line":167,"column":3}},"loc":{"start":{"line":139,"column":2},"end":{"line":167,"column":3}},"line":139},"5":{"name":"updateInventoryItem","decl":{"start":{"line":169,"column":2},"end":{"line":181,"column":3}},"loc":{"start":{"line":169,"column":2},"end":{"line":181,"column":3}},"line":169},"6":{"name":"createInventoryItem","decl":{"start":{"line":183,"column":2},"end":{"line":196,"column":3}},"loc":{"start":{"line":183,"column":2},"end":{"line":196,"column":3}},"line":183},"7":{"name":"getBOMTemplates","decl":{"start":{"line":199,"column":2},"end":{"line":228,"column":3}},"loc":{"start":{"line":199,"column":2},"end":{"line":228,"column":3}},"line":199},"8":{"name":"getBOMTemplate","decl":{"start":{"line":230,"column":2},"end":{"line":255,"column":3}},"loc":{"start":{"line":230,"column":2},"end":{"line":255,"column":3}},"line":230},"9":{"name":"createBOMTemplate","decl":{"start":{"line":257,"column":2},"end":{"line":280,"column":3}},"loc":{"start":{"line":257,"column":2},"end":{"line":280,"column":3}},"line":257},"10":{"name":"updateBOMTemplate","decl":{"start":{"line":282,"column":2},"end":{"line":297,"column":3}},"loc":{"start":{"line":282,"column":2},"end":{"line":297,"column":3}},"line":282},"11":{"name":"deleteBOMTemplate","decl":{"start":{"line":299,"column":2},"end":{"line":308,"column":3}},"loc":{"start":{"line":299,"column":2},"end":{"line":308,"column":3}},"line":299},"12":{"name":"subscribeToInventory","decl":{"start":{"line":311,"column":2},"end":{"line":338,"column":3}},"loc":{"start":{"line":311,"column":2},"end":{"line":338,"column":3}},"line":311},"13":{"name":"subscribeToBOMTemplates","decl":{"start":{"line":340,"column":2},"end":{"line":365,"column":3}},"loc":{"start":{"line":340,"column":2},"end":{"line":365,"column":3}},"line":340},"14":{"name":"saveBOM","decl":{"start":{"line":368,"column":2},"end":{"line":372,"column":3}},"loc":{"start":{"line":368,"column":2},"end":{"line":372,"column":3}},"line":368},"15":{"name":"loadBOM","decl":{"start":{"line":374,"column":2},"end":{"line":381,"column":3}},"loc":{"start":{"line":374,"column":2},"end":{"line":381,"column":3}},"line":374},"16":{"name":"deleteBOM","decl":{"start":{"line":383,"column":2},"end":{"line":385,"column":3}},"loc":{"start":{"line":383,"column":2},"end":{"line":385,"column":3}},"line":383},"17":{"name":"isInitialized","decl":{"start":{"line":387,"column":2},"end":{"line":389,"column":3}},"loc":{"start":{"line":387,"column":2},"end":{"line":389,"column":3}},"line":387},"18":{"name":"cleanup","decl":{"start":{"line":392,"column":2},"end":{"line":401,"column":3}},"loc":{"start":{"line":392,"column":2},"end":{"line":401,"column":3}},"line":392}},"f":{"0":1,"1":1,"2":1,"3":0,"4":0,"5":0,"6":0,"7":0,"8":0,"9":0,"10":0,"11":0,"12":0,"13":0,"14":0,"15":0,"16":0,"17":1,"18":0}},"/home/runner/work/BOM-Generator/BOM-Generator/src/services/N8NWebhookService.ts":{"path":"/home/runner/work/BOM-Generator/BOM-Generator/src/services/N8NWebhookService.ts","all":false,"statementMap":{"23":{"start":{"line":24,"column":0},"end":{"line":24,"column":32}},"24":{"start":{"line":25,"column":0},"end":{"line":25,"column":35}},"25":{"start":{"line":26,"column":0},"end":{"line":26,"column":30}},"27":{"start":{"line":28,"column":0},"end":{"line":28,"column":41}},"28":{"start":{"line":29,"column":0},"end":{"line":29,"column":19}},"29":{"start":{"line":30,"column":0},"end":{"line":30,"column":43}},"30":{"start":{"line":31,"column":0},"end":{"line":31,"column":23}},"31":{"start":{"line":32,"column":0},"end":{"line":32,"column":15}},"32":{"start":{"line":33,"column":0},"end":{"line":33,"column":6}},"33":{"start":{"line":34,"column":0},"end":{"line":34,"column":3}},"35":{"start":{"line":36,"column":0},"end":{"line":36,"column":37}},"36":{"start":{"line":37,"column":0},"end":{"line":37,"column":9}},"38":{"start":{"line":39,"column":0},"end":{"line":39,"column":36}},"39":{"start":{"line":40,"column":0},"end":{"line":40,"column":51}},"40":{"start":{"line":41,"column":0},"end":{"line":41,"column":7}},"43":{"start":{"line":44,"column":0},"end":{"line":44,"column":54}},"44":{"start":{"line":45,"column":0},"end":{"line":45,"column":25}},"45":{"start":{"line":46,"column":0},"end":{"line":46,"column":64}},"46":{"start":{"line":47,"column":0},"end":{"line":47,"column":7}},"48":{"start":{"line":49,"column":0},"end":{"line":49,"column":30}},"49":{"start":{"line":50,"column":0},"end":{"line":50,"column":68}},"50":{"start":{"line":51,"column":0},"end":{"line":51,"column":21}},"51":{"start":{"line":52,"column":0},"end":{"line":52,"column":74}},"52":{"start":{"line":53,"column":0},"end":{"line":53,"column":31}},"53":{"start":{"line":54,"column":0},"end":{"line":54,"column":18}},"54":{"start":{"line":55,"column":0},"end":{"line":55,"column":5}},"55":{"start":{"line":56,"column":0},"end":{"line":56,"column":3}},"57":{"start":{"line":58,"column":0},"end":{"line":58,"column":60}},"58":{"start":{"line":59,"column":0},"end":{"line":59,"column":28}},"59":{"start":{"line":60,"column":0},"end":{"line":60,"column":61}},"60":{"start":{"line":61,"column":0},"end":{"line":61,"column":5}},"62":{"start":{"line":63,"column":0},"end":{"line":63,"column":45}},"63":{"start":{"line":64,"column":0},"end":{"line":64,"column":41}},"64":{"start":{"line":65,"column":0},"end":{"line":65,"column":48}},"65":{"start":{"line":66,"column":0},"end":{"line":66,"column":6}},"68":{"start":{"line":69,"column":0},"end":{"line":69,"column":29}},"69":{"start":{"line":70,"column":0},"end":{"line":70,"column":51}},"70":{"start":{"line":71,"column":0},"end":{"line":71,"column":5}},"72":{"start":{"line":73,"column":0},"end":{"line":73,"column":41}},"73":{"start":{"line":74,"column":0},"end":{"line":74,"column":21}},"74":{"start":{"line":75,"column":0},"end":{"line":75,"column":14}},"75":{"start":{"line":76,"column":0},"end":{"line":76,"column":36}},"76":{"start":{"line":77,"column":0},"end":{"line":77,"column":63}},"77":{"start":{"line":78,"column":0},"end":{"line":78,"column":6}},"79":{"start":{"line":80,"column":0},"end":{"line":80,"column":39}},"82":{"start":{"line":83,"column":0},"end":{"line":83,"column":83}},"83":{"start":{"line":84,"column":0},"end":{"line":84,"column":11}},"84":{"start":{"line":85,"column":0},"end":{"line":85,"column":86}},"86":{"start":{"line":87,"column":0},"end":{"line":87,"column":77}},"88":{"start":{"line":89,"column":0},"end":{"line":89,"column":27}},"89":{"start":{"line":90,"column":0},"end":{"line":90,"column":77}},"90":{"start":{"line":91,"column":0},"end":{"line":91,"column":9}},"92":{"start":{"line":93,"column":0},"end":{"line":93,"column":51}},"93":{"start":{"line":94,"column":0},"end":{"line":94,"column":66}},"94":{"start":{"line":95,"column":0},"end":{"line":95,"column":28}},"96":{"start":{"line":97,"column":0},"end":{"line":97,"column":23}},"97":{"start":{"line":98,"column":0},"end":{"line":98,"column":78}},"98":{"start":{"line":99,"column":0},"end":{"line":99,"column":81}},"101":{"start":{"line":102,"column":0},"end":{"line":102,"column":76}},"102":{"start":{"line":103,"column":0},"end":{"line":103,"column":46}},"103":{"start":{"line":104,"column":0},"end":{"line":104,"column":9}},"106":{"start":{"line":107,"column":0},"end":{"line":107,"column":57}},"107":{"start":{"line":108,"column":0},"end":{"line":108,"column":66}},"108":{"start":{"line":109,"column":0},"end":{"line":109,"column":67}},"109":{"start":{"line":110,"column":0},"end":{"line":110,"column":9}},"110":{"start":{"line":111,"column":0},"end":{"line":111,"column":7}},"111":{"start":{"line":112,"column":0},"end":{"line":112,"column":5}},"113":{"start":{"line":114,"column":0},"end":{"line":114,"column":118}},"114":{"start":{"line":115,"column":0},"end":{"line":115,"column":3}},"116":{"start":{"line":117,"column":0},"end":{"line":117,"column":61}},"117":{"start":{"line":118,"column":0},"end":{"line":118,"column":9}},"118":{"start":{"line":119,"column":0},"end":{"line":119,"column":39}},"119":{"start":{"line":120,"column":0},"end":{"line":120,"column":26}},"120":{"start":{"line":121,"column":0},"end":{"line":121,"column":15}},"121":{"start":{"line":122,"column":0},"end":{"line":122,"column":23}},"122":{"start":{"line":123,"column":0},"end":{"line":123,"column":34}},"123":{"start":{"line":124,"column":0},"end":{"line":124,"column":24}},"124":{"start":{"line":125,"column":0},"end":{"line":125,"column":10}},"125":{"start":{"line":126,"column":0},"end":{"line":126,"column":29}},"126":{"start":{"line":127,"column":0},"end":{"line":127,"column":8}},"128":{"start":{"line":129,"column":0},"end":{"line":129,"column":55}},"130":{"start":{"line":131,"column":0},"end":{"line":131,"column":14}},"131":{"start":{"line":132,"column":0},"end":{"line":132,"column":22}},"132":{"start":{"line":133,"column":0},"end":{"line":133,"column":45}},"133":{"start":{"line":134,"column":0},"end":{"line":134,"column":61}},"134":{"start":{"line":135,"column":0},"end":{"line":135,"column":8}},"135":{"start":{"line":136,"column":0},"end":{"line":136,"column":21}},"136":{"start":{"line":137,"column":0},"end":{"line":137,"column":64}},"137":{"start":{"line":138,"column":0},"end":{"line":138,"column":14}},"138":{"start":{"line":139,"column":0},"end":{"line":139,"column":23}},"139":{"start":{"line":140,"column":0},"end":{"line":140,"column":80}},"140":{"start":{"line":141,"column":0},"end":{"line":141,"column":8}},"141":{"start":{"line":142,"column":0},"end":{"line":142,"column":5}},"142":{"start":{"line":143,"column":0},"end":{"line":143,"column":3}},"144":{"start":{"line":145,"column":0},"end":{"line":145,"column":78}},"145":{"start":{"line":146,"column":0},"end":{"line":146,"column":9}},"146":{"start":{"line":147,"column":0},"end":{"line":147,"column":39}},"147":{"start":{"line":148,"column":0},"end":{"line":148,"column":28}},"148":{"start":{"line":149,"column":0},"end":{"line":149,"column":15}},"149":{"start":{"line":150,"column":0},"end":{"line":150,"column":16}},"150":{"start":{"line":151,"column":0},"end":{"line":151,"column":23}},"151":{"start":{"line":152,"column":0},"end":{"line":152,"column":34}},"152":{"start":{"line":153,"column":0},"end":{"line":153,"column":24}},"153":{"start":{"line":154,"column":0},"end":{"line":154,"column":10}},"154":{"start":{"line":155,"column":0},"end":{"line":155,"column":29}},"155":{"start":{"line":156,"column":0},"end":{"line":156,"column":8}},"157":{"start":{"line":158,"column":0},"end":{"line":158,"column":55}},"159":{"start":{"line":160,"column":0},"end":{"line":160,"column":14}},"160":{"start":{"line":161,"column":0},"end":{"line":161,"column":22}},"161":{"start":{"line":162,"column":0},"end":{"line":162,"column":39}},"162":{"start":{"line":163,"column":0},"end":{"line":163,"column":63}},"163":{"start":{"line":164,"column":0},"end":{"line":164,"column":8}},"164":{"start":{"line":165,"column":0},"end":{"line":165,"column":21}},"165":{"start":{"line":166,"column":0},"end":{"line":166,"column":66}},"166":{"start":{"line":167,"column":0},"end":{"line":167,"column":14}},"167":{"start":{"line":168,"column":0},"end":{"line":168,"column":23}},"168":{"start":{"line":169,"column":0},"end":{"line":169,"column":80}},"169":{"start":{"line":170,"column":0},"end":{"line":170,"column":8}},"170":{"start":{"line":171,"column":0},"end":{"line":171,"column":5}},"171":{"start":{"line":172,"column":0},"end":{"line":172,"column":3}},"173":{"start":{"line":174,"column":0},"end":{"line":174,"column":63}},"174":{"start":{"line":175,"column":0},"end":{"line":175,"column":9}},"175":{"start":{"line":176,"column":0},"end":{"line":176,"column":39}},"176":{"start":{"line":177,"column":0},"end":{"line":177,"column":34}},"177":{"start":{"line":178,"column":0},"end":{"line":178,"column":15}},"178":{"start":{"line":179,"column":0},"end":{"line":179,"column":35}},"179":{"start":{"line":180,"column":0},"end":{"line":180,"column":34}},"180":{"start":{"line":181,"column":0},"end":{"line":181,"column":24}},"181":{"start":{"line":182,"column":0},"end":{"line":182,"column":10}},"182":{"start":{"line":183,"column":0},"end":{"line":183,"column"
[...]
:84,"column":0},"end":{"line":84,"column":6}},"84":{"start":{"line":85,"column":0},"end":{"line":85,"column":3}},"85":{"start":{"line":86,"column":0},"end":{"line":86,"column":2}},"87":{"start":{"line":88,"column":0},"end":{"line":88,"column":30}}},"s":{"19":0,"20":0,"21":0,"23":0,"24":0,"25":0,"26":0,"28":0,"29":0,"30":0,"31":0,"33":0,"34":0,"36":0,"37":0,"38":0,"40":0,"41":0,"42":0,"43":0,"44":0,"45":0,"46":0,"47":0,"48":0,"49":0,"50":0,"52":0,"53":0,"55":0,"56":0,"57":0,"58":0,"60":0,"61":0,"63":0,"64":0,"65":0,"66":0,"67":0,"68":0,"69":0,"70":0,"71":0,"72":0,"73":0,"75":0,"76":0,"77":0,"78":0,"79":0,"80":0,"81":0,"82":0,"83":0,"84":0,"85":0,"87":0},"branchMap":{"0":{"type":"branch","line":1,"loc":{"start":{"line":1,"column":2974},"end":{"line":88,"column":30}},"locations":[{"start":{"line":1,"column":2974},"end":{"line":88,"column":30}}]}},"b":{"0":[1]},"fnMap":{"0":{"name":"(empty-report)","decl":{"start":{"line":1,"column":2974},"end":{"line":88,"column":30}},"loc":{"start":{"line":1,"column":2974},"end":{"line":88,"column":30}},"line":1}},"f":{"0":1}},"/home/runner/work/BOM-Generator/BOM-Generator/src/config/firebase.ts":{"path":"/home/runner/work/BOM-Generator/BOM-Generator/src/config/firebase.ts","all":true,"statementMap":{"0":{"start":{"line":1,"column":0},"end":{"line":1,"column":45}},"7":{"start":{"line":8,"column":0},"end":{"line":8,"column":24}},"8":{"start":{"line":9,"column":0},"end":{"line":9,"column":66}},"9":{"start":{"line":10,"column":0},"end":{"line":10,"column":90}},"10":{"start":{"line":11,"column":0},"end":{"line":11,"column":75}},"11":{"start":{"line":12,"column":0},"end":{"line":12,"column":92}},"12":{"start":{"line":13,"column":0},"end":{"line":13,"column":86}},"13":{"start":{"line":14,"column":0},"end":{"line":14,"column":62}},"14":{"start":{"line":15,"column":0},"end":{"line":15,"column":2}},"17":{"start":{"line":18,"column":0},"end":{"line":18,"column":42}},"20":{"start":{"line":21,"column":0},"end":{"line":21,"column":36}},"21":{"start":{"line":22,"column":0},"end":{"line":22,"column":33}},"22":{"start":{"line":23,"column":0},"end":{"line":23,"column":39}},"24":{"start":{"line":25,"column":0},"end":{"line":25,"column":19}}},"s":{"0":0,"7":0,"8":0,"9":0,"10":0,"11":0,"12":0,"13":0,"14":0,"17":0,"20":0,"21":0,"22":0,"24":0},"branchMap":{"0":{"type":"branch","line":1,"loc":{"start":{"line":1,"column":0},"end":{"line":25,"column":-216}},"locations":[{"start":{"line":1,"column":0},"end":{"line":25,"column":-216}}]}},"b":{"0":[0]},"fnMap":{"0":{"name":"(empty-report)","decl":{"start":{"line":1,"column":0},"end":{"line":25,"column":-216}},"loc":{"start":{"line":1,"column":0},"end":{"line":25,"column":-216}},"line":1}},"f":{"0":0}},"/home/runner/work/BOM-Generator/BOM-Generator/src/components/EasyEDAComponentSearch.tsx":{"path":"/home/runner/work/BOM-Generator/BOM-Generator/src/components/EasyEDAComponentSearch.tsx","all":true,"statementMap":{"0":{"start":{"line":1,"column":0},"end":{"line":1,"column":51}},"1":{"start":{"line":2,"column":0},"end":{"line":2,"column":88}},"2":{"start":{"line":3,"column":0},"end":{"line":3,"column":94}},"9":{"start":{"line":10,"column":0},"end":{"line":10,"column":66}},"10":{"start":{"line":11,"column":0},"end":{"line":11,"column":21}},"11":{"start":{"line":12,"column":0},"end":{"line":12,"column":33}},"12":{"start":{"line":13,"column":0},"end":{"line":13,"column":7}},"13":{"start":{"line":14,"column":0},"end":{"line":14,"column":63}},"14":{"start":{"line":15,"column":0},"end":{"line":15,"column":71}},"15":{"start":{"line":16,"column":0},"end":{"line":16,"column":48}},"16":{"start":{"line":17,"column":0},"end":{"line":17,"column":58}},"17":{"start":{"line":18,"column":0},"end":{"line":18,"column":92}},"18":{"start":{"line":19,"column":0},"end":{"line":19,"column":65}},"20":{"start":{"line":21,"column":0},"end":{"line":21,"column":19}},"21":{"start":{"line":22,"column":0},"end":{"line":22,"column":23}},"22":{"start":{"line":23,"column":0},"end":{"line":23,"column":33}},"23":{"start":{"line":24,"column":0},"end":{"line":24,"column":5}},"24":{"start":{"line":25,"column":0},"end":{"line":25,"column":21}},"26":{"start":{"line":27,"column":0},"end":{"line":27,"column":63}},"27":{"start":{"line":28,"column":0},"end":{"line":28,"column":30}},"29":{"start":{"line":30,"column":0},"end":{"line":30,"column":21}},"30":{"start":{"line":31,"column":0},"end":{"line":31,"column":19}},"32":{"start":{"line":33,"column":0},"end":{"line":33,"column":9}},"33":{"start":{"line":34,"column":0},"end":{"line":34,"column":61}},"34":{"start":{"line":35,"column":0},"end":{"line":35,"column":27}},"35":{"start":{"line":36,"column":0},"end":{"line":36,"column":29}},"36":{"start":{"line":37,"column":0},"end":{"line":37,"column":22}},"37":{"start":{"line":38,"column":0},"end":{"line":38,"column":9}},"39":{"start":{"line":40,"column":0},"end":{"line":40,"column":29}},"41":{"start":{"line":42,"column":0},"end":{"line":42,"column":33}},"42":{"start":{"line":43,"column":0},"end":{"line":43,"column":70}},"43":{"start":{"line":44,"column":0},"end":{"line":44,"column":7}},"44":{"start":{"line":45,"column":0},"end":{"line":45,"column":19}},"45":{"start":{"line":46,"column":0},"end":{"line":46,"column":51}},"46":{"start":{"line":47,"column":0},"end":{"line":47,"column":52}},"47":{"start":{"line":48,"column":0},"end":{"line":48,"column":15}},"48":{"start":{"line":49,"column":0},"end":{"line":49,"column":24}},"49":{"start":{"line":50,"column":0},"end":{"line":50,"column":5}},"50":{"start":{"line":51,"column":0},"end":{"line":51,"column":4}},"52":{"start":{"line":53,"column":0},"end":{"line":53,"column":53}},"53":{"start":{"line":54,"column":0},"end":{"line":54,"column":36}},"54":{"start":{"line":55,"column":0},"end":{"line":55,"column":35}},"55":{"start":{"line":56,"column":0},"end":{"line":56,"column":4}},"57":{"start":{"line":58,"column":0},"end":{"line":58,"column":43}},"58":{"start":{"line":59,"column":0},"end":{"line":59,"column":46}},"59":{"start":{"line":60,"column":0},"end":{"line":60,"column":20}},"60":{"start":{"line":61,"column":0},"end":{"line":61,"column":18}},"61":{"start":{"line":62,"column":0},"end":{"line":62,"column":22}},"62":{"start":{"line":63,"column":0},"end":{"line":63,"column":39}},"63":{"start":{"line":64,"column":0},"end":{"line":64,"column":29}},"64":{"start":{"line":65,"column":0},"end":{"line":65,"column":33}},"65":{"start":{"line":66,"column":0},"end":{"line":66,"column":41}},"66":{"start":{"line":67,"column":0},"end":{"line":67,"column":47}},"67":{"start":{"line":68,"column":0},"end":{"line":68,"column":42}},"68":{"start":{"line":69,"column":0},"end":{"line":69,"column":8}},"70":{"start":{"line":71,"column":0},"end":{"line":71,"column":67}},"71":{"start":{"line":72,"column":0},"end":{"line":72,"column":42}},"72":{"start":{"line":73,"column":0},"end":{"line":73,"column":42}},"73":{"start":{"line":74,"column":0},"end":{"line":74,"column":17}},"74":{"start":{"line":75,"column":0},"end":{"line":75,"column":52}},"75":{"start":{"line":76,"column":0},"end":{"line":76,"column":14}},"76":{"start":{"line":77,"column":0},"end":{"line":77,"column":29}},"77":{"start":{"line":78,"column":0},"end":{"line":78,"column":4}},"79":{"start":{"line":80,"column":0},"end":{"line":80,"column":63}},"80":{"start":{"line":81,"column":0},"end":{"line":81,"column":47}},"82":{"start":{"line":83,"column":0},"end":{"line":83,"column":97}},"83":{"start":{"line":84,"column":0},"end":{"line":84,"column":4}},"85":{"start":{"line":86,"column":0},"end":{"line":86,"column":10}},"86":{"start":{"line":87,"column":0},"end":{"line":87,"column":73}},"87":{"start":{"line":88,"column":0},"end":{"line":88,"column":28}},"88":{"start":{"line":89,"column":0},"end":{"line":89,"column":86}},"89":{"start":{"line":90,"column":0},"end":{"line":90,"column":43}},"91":{"start":{"line":92,"column":0},"end":{"line":92,"column":13}},"93":{"start":{"line":94,"column":0},"end":{"line":94,"column":36}},"94":{"start":{"line":95,"column":0},"end":{"line":95,"column":43}},"95":{"start":{"line":96,"column":0},"end":{"line":96,"column":107}},"96":{"start":{"line":97,"column":0},"end":{"line":97,"column":18}},"97":{"start":{"line":98,"column":0},"end":{"line":98,"column":25}},"98":{"start":{"line":99,"column":0},"end":{"line":99,"column":33}},"99":{"start":{"line":100,"column":0},"end":{"line":100,"column":62}},"100":{"start":{"line":101,"column":0},"end":{"line":101,"column":69}},"101":{"start":{"line":102,"column":0},"end":{"line":102,"column":93}},"102":{"start":{"line":103,"column":0},"end":{"line":103,"column":140}},"103":{"start":{"line":104,"column":0},"end":{"line":104,"column":14}},"104":{"start":{"line":105,"column":0},"end":{"line":105,"column":16}},"105":{"start":{"line":106,"column":0},"end":{"line":106,"column":17}},"106":{"start":{"line":107,"column":0},"end":{"line":107,"column":42}},"107":{"start":{"line":108,"column":0},"end":{"line":108,"column":53}},"108":{"start":{"line":109,"column":0},"end":{"line":109,"column":157}},"110":{"start":{"line":111,"column":0},"end":{"line":111,"column":24}},"111":{"start":{"line":112,"column":0},"end":{"line":112,"column":110}},"113":{"start":{"line":114,"column":0},"end":{"line":114,"column":44}},"114":{"start":{"line":115,"column":0},"end":{"line":115,"column":14}},"116":{"start":{"line":117,"column":0},"end":{"line":117,"column":19}},"117":{"start":{"line":118,"column":0},"end":{"line":118,"column":14}},"118":{"start":{"line":119,"column":0},"end":{"line":119,"column":12}},"120":{"start":{"line":121,"column":0},"end":{"line":121,"column":17}},"121":{"start":{"line":122,"column":0},"end":{"line":122,"column":90}},"122":{"start":{"line":123,"column":0},"end":{"line":123,"column":17}},"123":{"start":{"line":124,"column":0},"end":{"line":124,"column":14}},"126":{"start":{"line":127,"column":0},"end":{"line":127,"column":19}},"127":{"start":{"line":128,"column":0},"end":{"line":128,"column":64}},"128":{"start":{"line":129,"column":0},"end":{"line":129,"column":39}},"129":{"start":{"line":130,"column":0},"end":{"line":130,"column":124}},"130":{"start":{"line":131,"column":0},"end":{"line":131,"column":84}},"131":{"start":{"line":132,"column":0},"end":{"line":132,"column":16}},"132":{"start":{"line":133,"column":0},"end":{"line":133,"column":14}},"135":{"start":{"line":136,"column":0},"end":{"line":136,"column":45}},"136":{"start":{"line":137,"column":0},"end":{"line":137,"column":35}},"137":{"start":{"line":138,"column":0},"end":{"line":138,"column":62}},"138":{"start":{"line":139,"column":0},"end":{"line":139,"column":48}},"139":{"start":{"line":140,"column":0},"end":{"line":140,"column":15}},"141":{"start":{"line":142,"column":0},"end":{"line":142,"column":68}},"142":{"start":{"line":143,"column":0},"end":{"line":143,"column":64}},"143":{"start":{"line":144,"column":0},"end":{"line":144,"column":72}},"144":{"start":{"line":145,"column":0},"end":{"line":145,"column":72}},"145":{"start":{"line":146,"column":0},"end":{"line":146,"column":68}},"147":{"start":{"line":148,"column":0},"end":{"line":148,"column":22}},"148":{"start":{"line":149,"column":0},"end":{"line":149,"column":20}},"149":{"start":{"line":150,"column":0},"end":{"line":150,"column":29}},"150":{"start":{"line":151,"column":0},"end":{"line":151,"column":103}},"151":{"start":{"line":152,"column":0},"end":{"line":152,"column":100}},"152":{"start":{"line":153,"column":0},"end":{"line":153,"column":21}},"153":{"start":{"line":154,"column":0},"end":{"line":154,"column":66}},"155":{"start":{"line":156,"column":0},"end":{"line":156,"column":73}},"156":{"start":{"line":157,"column":0},"end":{"line":157,"column":77}},"157":{"start":{"line":158,"column":0},"end":{"line":158,"column":39}},"158":{"start":{"line":159,"column":0},"end":{"line":159,"column":25}},"159":{"start":{"line":160,"column":0},"end":{"line":160,"column":78}},"160":{"start":{"line":161,"column":0},"end":{"line":161,"column":102}},"161":{"start":{"line":162,"column":0},"end":{"line":162,"column":24}},"162":{"start":{"line":163,"column":0},"end":{"line":163,"column":74}},"163":{"start":{"line":164,"column":0},"end":{"line":164,"column":27}},"164":{"start":{"line":165,"column":0},"end":{"line":165,"column":24}},"166":{"start":{"line":167,"column":0},"end":{"line":167,"column":53}},"167":{"start":{"line":168,"column":0},"end":{"line":168,"column":61}},"168":{"start":{"line":169,"column":0},"end":{"line":169,"column":67}},"169":{"start":{"line":170,"column":0},"end":{"line":170,"column":81}},"170":{"start":{"line":171,"column":0},"end":{"line":171,"column":52}},"171":{"start":{"line":172,"column":0},"end":{"line":172,"column":77}},"173":{"start":{"line":174,"column":0},"end":{"line":174,"column":26}},"175":{"start":{"line":176,"column":0},"end":{"line":176,"column":89}},"177":{"start":{"line":178,"column":0},"end":{"line":178,"column":71}},"178":{"start":{"line":179,"column":0},"end":{"line":179,"column":54}},"179":{"start":{"line":180,"column":0},"end":{"line":180,"column":48}},"180":{"start":{"line":181,"column":0},"end":{"line":181,"column":29}},"181":{"start":{"line":182,"column":0},"end":{"line":182,"column":54}},"182":{"start":{"line":183,"column":0},"end":{"line":183,"column":43}},"183":{"start":{"line":184,"column":0},"end":{"line":184,"column":29}},"184":{"start":{"line":185,"column":0},"end":{"line":185,"column":26}},"186":{"start":{"line":187,"column":0},"end":{"line":187,"column":33}},"187":{"start":{"line":188,"column":0},"end":{"line":188,"column":90}},"188":{"start":{"line":189,"column":0},"end":{"line":189,"column":58}},"189":{"start":{"line":190,"column":0},"end":{"line":190,"column":49}},"190":{"start":{"line":191,"column":0},"end":{"line":191,"column":28}},"193":{"start":{"line":194,"column":0},"end":{"line":194,"column":59}},"194":{"start":{"line":195,"column":0},"end":{"line":195,"column":74}},"195":{"start":{"line":196,"column":0},"end":{"line":196,"column":60}},"196":{"start":{"line":197,"column":0},"end":{"line":197,"column":26}},"197":{"start":{"line":198,"column":0},"end":{"line":198,"column":24}},"199":{"start":{"line":200,"column":0},"end":{"line":200,"column":65}},"200":{"start":{"line":201,"column":0},"end":{"line":201,"column":35}},"201":{"start":{"line":202,"column":0},"end":{"line":202,"column":24}},"202":{"start":{"line":203,"column":0},"end":{"line":203,"column":40}},"203":{"start":{"line":204,"column":0},"end":{"line":204,"column":39}},"204":{"start":{"line":205,"column":0},"end":{"line":205,"column":49}},"205":{"start":{"line":206,"column":0},"end":{"line":206,"column":135}},"206":{"start":{"line":207,"column":0},"end":{"line":207,"column":60}},"208":{"start":{"line":209,"column":0},"end":{"line":209,"column":60}},"210":{"start":{"line":211,"column":0},"end":{"line":211,"column":26}},"213":{"start":{"line":214,"column":0},"end":{"line":214,"column":38}},"214":{"start":{"line":215,"column":0},"end":{"line":215,"column":24}},"215":{"start":{"line":216,"column":0},"end":{"line":216,"column":43}},"216":{"start":{"line":217,"column":0},"end":{"line":217,"column":39}},"217":{"start":{"line":218,"column":0},"end":{"line":218,"column":49}},"218":{"start":{"line":219,"column":0},"end":{"line":219,"column":129}},"219":{"start":{"line":220,"column":0},"end":{"line":220,"column":60}},"221":{"start":{"line":222,"column":0},"end":{"line":222,"column":60}},"223":{"start":{"line":224,"column":0},"end":{"line":224,"column":26}},"226":{"start":{"line":227,"column":0},"end":{"line":227,"column":27}},"227":{"start":{"line":228,"column":0},"end":{"line":228,"column":39}},"228":{"start":{"line":229,"column":0},"end":{"line":229,"column":44}},"229":{"start":{"line":230,"column":0},"end":{"line":230,"column":47}},"230":{"start":{"line":231,"column":0},"end":{"line":231,"column":24}},"231":{"start":{"line":232,"column":0},"end":{"line":232,"column":127}},"233":{"start":{"line":234,"column":0},"end":{"line":234,"column":54}},"235":{"start":{"line":236,"column":0},"end":{"line":236,"column":29}},"236":{"start":{"line":237,"column":0},"end":{"line":237,"column":24}},"237":{"start":{"line":238,"column":0},"end":{"line":238,"column":22}},"239":{"start":{"line":240,"column":0},"end":{"line":240,"column":15}},"240":{"start":{"line":241,"column":0},"end":{"line":241,"column":16}},"241":{"start":{"line":242,"column":0},"end":{"line":242,"column":14}},"244":{"start":{"line":245,"column":0},"end":{"line":245,"column":29}},"245":{"start":{"line":246,"column":0},"end":{"line":246,"column":79}},"246":{"start":{"line":247,"column":0},"end":{"line":247,"column":83}},"247":{"start":{"line":248,"column":0},"end":{"line":248,"column":53}},"248":{"start":{"line":249,"column":0},"end":{"line":249,"column":14}},"249":{"start":{"line":250,"column":0},"end":{"line":250,"column":84}},"250":{"start":{"line":251,"column":0},"end":{"line":251,"column":29}},"251":{"start":{"line":252,"column":0},"end":{"line":252,"column":39}},"252":{"start":{"line":253,"column":0},"end":{"line":253,"column":108}},"254":{"start":{"line":255,"column":0},"end":{"line":255,"column":41}},"256":{"start":{"line":257,"column":0},"end":{"line":257,"column":16}},"257":{"start":{"line":258,"column":0},"end":{"line":258,"column":14}},"258":{"start":{"line":259,"column":0},"end":{"line":259,"column":111}},"259":{"start":{"line":260,"column":0},"end":{"line":260,"column":29}},"260":{"start":{"line":261,"column":0},"end":{"line":261,"column":39}},"261":{"start":{"line":262,"column":0},"end":{"line":262,"column":110}},"263":{"start":{"line":264,"column":0},"end":{"line":264,"column":45}},"265":{"start":{"line":266,"column":0},"end":{"line":266,"column":16}},"266":{"start":{"line":267,"column":0},"end":{"line":267,"column":16}},"267":{"start":{"line":268,"column":0},"end":{"line":268,"column":14}},"269":{"start":{"line":270,"column":0},"end":{"line":270,"column":10}},"271":{"start":{"line":272,"column":0},"end":{"line":272,"column":2}},"273":{"start":{"line":274,"column":0},"end":{"line":274,"column":38}}},"s":{"0":0,"1":0,"2":0,"9":0,"10":0,"11":0,"12":0,"13":0,"14":0,"15":0,"16":0,"17":0,"18":0,"20":0,"21":0,"22":0,"23":0,"24":0,"26":0,"27":0,"29":0,"30":0,"32":0,"33":0,"34":0,"35":0,"36":0,"37":0,"39":0,"41":0,"42":0,"43":0,"44":0,"45":0,"46":0,"47":0,"48":0,"49":0,"50":0,"52":0,"53":0,"54":0,"55":0,"57":0,"58":0,"59":0,"60":0,"61":0,"62":0,"63":0,"64":0,"65":0,"66":0,"67":0,"68":0,"70":0,"71":0,"72":0,"73":0,"74":0,"75":0,"76":0,"77":0,"79":0,"80":0,"82":0,"83":0,"85":0,"86":0,"87":0,"88":0,"89":0,"91":0,"93":0,"94":0,"95":0,"96":0,"97":0,"98":0,"99":0,"100":0,"101":0,"102":0,"103":0,"104":0,"105":0,"106":0,"107":0,"108":0,"110":0,"111":0,"113":0,"114":0,"116":0,"117":0,"118":0,"120":0,"121":0,"122":0,"123":0,"126":0,"127":0,"128":0,"129":0,"130":0,"131":0,"132":0,"135":0,"136":0,"137":0,"138":0,"139":0,"141":0,"142":0,"143":0,"144":0,"145":0,"147":0,"148":0,"149":0,"150":0,"151":0,"152":0,"153":0,"155":0,"156":0,"157":0,"158":0,"159":0,"160":0,"161":0,"162":0,"163":0,"164":0,"166":0,"167":0,"168":0,"169":0,"170":0,"171":0,"173":0,"175":0,"177":0,"178":0,"179":0,"180":0,"181":0,"182":0,"183":0,"184":0,"186":0,"187":0,"188":0,"189":0,"190":0,"193":0,"194":0,"195":0,"196":0,"197":0,"199":0,"200":0,"201":0,"202":0,"203":0,"204":0,"205":0,"206":0,"208":0,"210":0,"213":0,"214":0,"215":0,"216":0,"217":0,"218":0,"219":0,"221":0,"223":0,"226":0,"227":0,"228":0,"229":0,"230":0,"231":0,"233":0,"235":0,"236":0,"237":0,"239":0,"240":0,"241":0,"244":0,"245":0,"246":0,"247":0,"248":0,"249":0,"250":0,"251":0,"252":0,"254":0,"256":0,"257":0,"258":0,"259":0,"260":0,"261":0,"263":0,"265":0,"266":0,"267":0,"269":0,"271":0,"273":0},"branchMap":{"0":{"type":"branch","line":1,"loc":{"start":{"line":1,"column":0},"end":{"line":274,"column":-4622}},"locations":[{"start":{"line":1,"column":0},"end":{"line":274,"column":-4622}}]}},"b":{"0":[0]},"fnMap":{"0":{"name":"(empty-report)","decl":{"start":{"line":1,"column":0},"end":{"line":274,"column":-4622}},"loc":{"start":{"line":1,"column":0},"end":{"line":274,"column":-4622}},"line":1}},"f":{"0":0}}}}